This is pdfTeX, Version 3.141592653-2.6-1.40.22 (MiKTeX 21.2) (preloaded format=pdflatex 2021.3.17)  20 APR 2021 03:16
entering extended mode
**./charter.tex
(charter.tex
LaTeX2e <2020-10-01> patch level 4
L3 programming layer <2021-02-18> xparse <2020-03-03> (charter.cls
charter.cls
v. 0.1.0
Creado por Patricio Bos para el Laboratorio de Sistemas Embebidos de FIUBA
junio 1, 2020
Una clase para armar planificaciones de Trabajos finales en el curso de Gestió
n de Proyectos.
Document Class: charter 

(C:\Users\Jose David\AppData\Local\Programs\MiKTeX 2.9\tex/latex/base\article.c
ls
Document Class: article 2020/04/10 v1.4m Standard LaTeX document class

(C:\Users\Jose David\AppData\Local\Programs\MiKTeX 2.9\tex/latex/base\size11.cl
o
File: size11.clo 2020/04/10 v1.4m Standard LaTeX file (size option)
)
\c@part=\count179
\c@section=\count180
\c@subsection=\count181
\c@subsubsection=\count182
\c@paragraph=\count183
\c@subparagraph=\count184
\c@figure=\count185
\c@table=\count186
\abovecaptionskip=\skip47
\belowcaptionskip=\skip48
\bibindent=\dimen138
)
(C:\Users\Jose David\AppData\Local\Programs\MiKTeX 2.9\tex/latex/amsmath\amsmat
h.sty
Package: amsmath 2020/09/23 v2.17i AMS math features
\@mathmargin=\skip49

For additional information on amsmath, use the `?' option.

(C:\Users\Jose David\AppData\Local\Programs\MiKTeX 2.9\tex/latex/amsmath\amstex
t.sty
Package: amstext 2000/06/29 v2.01 AMS text

(C:\Users\Jose David\AppData\Local\Programs\MiKTeX 2.9\tex/latex/amsmath\amsgen
.sty
File: amsgen.sty 1999/11/30 v2.0 generic functions
\@emptytoks=\toks15
\ex@=\dimen139
))
(C:\Users\Jose David\AppData\Local\Programs\MiKTeX 2.9\tex/latex/amsmath\amsbsy
.sty
Package: amsbsy 1999/11/29 v1.2d Bold Symbols
\pmbraise@=\dimen140
)
(C:\Users\Jose David\AppData\Local\Programs\MiKTeX 2.9\tex/latex/amsmath\amsopn
.sty
Package: amsopn 2016/03/08 v2.02 operator names
)
\inf@bad=\count187
LaTeX Info: Redefining \frac on input line 234.
\uproot@=\count188
\leftroot@=\count189
LaTeX Info: Redefining \overline on input line 399.
\classnum@=\count190
\DOTSCASE@=\count191
LaTeX Info: Redefining \ldots on input line 496.
LaTeX Info: Redefining \dots on input line 499.
LaTeX Info: Redefining \cdots on input line 620.
\Mathstrutbox@=\box47
\strutbox@=\box48
\big@size=\dimen141
LaTeX Font Info:    Redeclaring font encoding OML on input line 743.
LaTeX Font Info:    Redeclaring font encoding OMS on input line 744.
\macc@depth=\count192
\c@MaxMatrixCols=\count193
\dotsspace@=\muskip16
\c@parentequation=\count194
\dspbrk@lvl=\count195
\tag@help=\toks16
\row@=\count196
\column@=\count197
\maxfields@=\count198
\andhelp@=\toks17
\eqnshift@=\dimen142
\alignsep@=\dimen143
\tagshift@=\dimen144
\tagwidth@=\dimen145
\totwidth@=\dimen146
\lineht@=\dimen147
\@envbody=\toks18
\multlinegap=\skip50
\multlinetaggap=\skip51
\mathdisplay@stack=\toks19
LaTeX Info: Redefining \[ on input line 2923.
LaTeX Info: Redefining \] on input line 2924.
)
(C:\Users\Jose David\AppData\Local\Programs\MiKTeX 2.9\tex/latex/amscls\amsthm.
sty
Package: amsthm 2020/05/29 v2.20.6
\thm@style=\toks20
\thm@bodyfont=\toks21
\thm@headfont=\toks22
\thm@notefont=\toks23
\thm@headpunct=\toks24
\thm@preskip=\skip52
\thm@postskip=\skip53
\thm@headsep=\skip54
\dth@everypar=\toks25
)
(C:\Users\Jose David\AppData\Local\Programs\MiKTeX 2.9\tex/latex/amsfonts\amssy
mb.sty
Package: amssymb 2013/01/14 v3.01 AMS font symbols

(C:\Users\Jose David\AppData\Local\Programs\MiKTeX 2.9\tex/latex/amsfonts\amsfo
nts.sty
Package: amsfonts 2013/01/14 v3.01 Basic AMSFonts support
\symAMSa=\mathgroup4
\symAMSb=\mathgroup5
LaTeX Font Info:    Redeclaring math symbol \hbar on input line 98.
LaTeX Font Info:    Overwriting math alphabet `\mathfrak' in version `bold'
(Font)                  U/euf/m/n --> U/euf/b/n on input line 106.
))
(C:\Users\Jose David\AppData\Local\Programs\MiKTeX 2.9\tex/latex/graphics\color
.sty
Package: color 2020/02/24 v1.2b Standard LaTeX Color (DPC)

(C:\Users\Jose David\AppData\Local\Programs\MiKTeX 2.9\tex/latex/graphics-cfg\c
olor.cfg
File: color.cfg 2016/01/02 v1.6 sample color configuration
)
Package color Info: Driver file: pdftex.def on input line 147.

(C:\Users\Jose David\AppData\Local\Programs\MiKTeX 2.9\tex/latex/graphics-def\p
dftex.def
File: pdftex.def 2020/10/05 v1.2a Graphics/color driver for pdftex
))
(C:\Users\Jose David\AppData\Local\Programs\MiKTeX 2.9\tex/latex/geometry\geome
try.sty
Package: geometry 2020/01/02 v5.9 Page Geometry

(C:\Users\Jose David\AppData\Local\Programs\MiKTeX 2.9\tex/latex/graphics\keyva
l.sty
Package: keyval 2014/10/28 v1.15 key=value parser (DPC)
\KV@toks@=\toks26
)
(C:\Users\Jose David\AppData\Local\Programs\MiKTeX 2.9\tex/generic/iftex\ifvtex
.sty
Package: ifvtex 2019/10/25 v1.7 ifvtex legacy package. Use iftex instead.

(C:\Users\Jose David\AppData\Local\Programs\MiKTeX 2.9\tex/generic/iftex\iftex.
sty
Package: iftex 2020/03/06 v1.0d TeX engine tests
))
\Gm@cnth=\count199
\Gm@cntv=\count266
\c@Gm@tempcnt=\count267
\Gm@bindingoffset=\dimen148
\Gm@wd@mp=\dimen149
\Gm@odd@mp=\dimen150
\Gm@even@mp=\dimen151
\Gm@layoutwidth=\dimen152
\Gm@layoutheight=\dimen153
\Gm@layouthoffset=\dimen154
\Gm@layoutvoffset=\dimen155
\Gm@dimlist=\toks27

(C:\Users\Jose David\AppData\Local\Programs\MiKTeX 2.9\tex/latex/geometry\geome
try.cfg))
(C:\Users\Jose David\AppData\Local\Programs\MiKTeX 2.9\tex/latex/float\float.st
y
Package: float 2001/11/08 v1.3d Float enhancements (AL)
\c@float@type=\count268
\float@exts=\toks28
\float@box=\box49
\@float@everytoks=\toks29
\@floatcapt=\box50
)
(C:\Users\Jose David\AppData\Local\Programs\MiKTeX 2.9\tex/latex/relsize\relsiz
e.sty
Package: relsize 2013/03/29 ver 4.1
)
(C:\Users\Jose David\AppData\Local\Programs\MiKTeX 2.9\tex/latex/url\url.sty
\Urlmuskip=\muskip17
Package: url 2013/09/16  ver 3.4  Verb mode for urls, etc.
)
(C:\Users\Jose David\AppData\Local\Programs\MiKTeX 2.9\tex/generic/babel\babel.
sty
Package: babel 2021/03/03 3.55 The Babel package

(C:\Users\Jose David\AppData\Local\Programs\MiKTeX 2.9\tex/generic/babel\babel.
def
File: babel.def 2021/03/03 3.55 Babel common definitions
\babel@savecnt=\count269
\U@D=\dimen156
\l@babelnohyphens=\language81

(C:\Users\Jose David\AppData\Local\Programs\MiKTeX 2.9\tex/generic/babel\txtbab
el.def)
\bbl@readstream=\read2
)
\bbl@dirlevel=\count270

*************************************
* Local config file bblopts.cfg used
*

(C:\Users\Jose David\AppData\Local\Programs\MiKTeX 2.9\tex/latex/arabi\bblopts.
cfg
File: bblopts.cfg 2005/09/08 v0.1 add Arabic and Farsi to "declared" options of
 babel
)
(C:\Users\Jose David\AppData\Local\Programs\MiKTeX 2.9\tex/latex/babel-english\
english.ldf
Language: english 2017/06/06 v3.3r English support from the babel system
Package babel Info: \l@canadian = using hyphenrules for english
(babel)             (\language0) on input line 102.
Package babel Info: \l@australian = using hyphenrules for ukenglish
(babel)             (\language75) on input line 105.
Package babel Info: \l@newzealand = using hyphenrules for ukenglish
(babel)             (\language75) on input line 108.
)
(C:\Users\Jose David\AppData\Local\Programs\MiKTeX 2.9\tex/latex/babel-spanish\
spanish.ldf
Language: spanish.ldf 2016/03/03 v5.0p Spanish support from the babel system
\es@quottoks=\toks30
\es@quotdepth=\count271
Package babel Info: Making " an active character on input line 561.
Package babel Info: Making . an active character on input line 662.
Package babel Info: Making < an active character on input line 707.
Package babel Info: Making > an active character on input line 707.
))
(C:\Users\Jose David\AppData\Local\Programs\MiKTeX 2.9\tex/latex/base\inputenc.
sty
Package: inputenc 2020/08/01 v1.3d Input encoding file
\inpenc@prehook=\toks31
\inpenc@posthook=\toks32
)
(C:\Users\Jose David\AppData\Local\Programs\MiKTeX 2.9\tex/latex/graphics\graph
icx.sty
Package: graphicx 2020/09/09 v1.2b Enhanced LaTeX Graphics (DPC,SPQR)

(C:\Users\Jose David\AppData\Local\Programs\MiKTeX 2.9\tex/latex/graphics\graph
ics.sty
Package: graphics 2020/08/30 v1.4c Standard LaTeX Graphics (DPC,SPQR)

(C:\Users\Jose David\AppData\Local\Programs\MiKTeX 2.9\tex/latex/graphics\trig.
sty
Package: trig 2016/01/03 v1.10 sin cos tan (DPC)
)
(C:\Users\Jose David\AppData\Local\Programs\MiKTeX 2.9\tex/latex/graphics-cfg\g
raphics.cfg
File: graphics.cfg 2016/06/04 v1.11 sample graphics configuration
)
Package graphics Info: Driver file: pdftex.def on input line 105.
)
\Gin@req@height=\dimen157
\Gin@req@width=\dimen158
)
(C:\Users\Jose David\AppData\Local\Programs\MiKTeX 2.9\tex/latex/lastpage\lastp
age.sty
Package: lastpage 2015/03/29 v1.2m Refers to last page's name (HMM; JPG)
)
(C:\Users\Jose David\AppData\Local\Programs\MiKTeX 2.9\tex/latex/xcolor\xcolor.
sty
Package: xcolor 2016/05/11 v2.12 LaTeX color extensions (UK)

(C:\Users\Jose David\AppData\Local\Programs\MiKTeX 2.9\tex/latex/graphics-cfg\c
olor.cfg
File: color.cfg 2016/01/02 v1.6 sample color configuration
)
Package xcolor Info: Driver file: pdftex.def on input line 225.

(C:\Users\Jose David\AppData\Local\Programs\MiKTeX 2.9\tex/latex/colortbl\color
tbl.sty
Package: colortbl 2020/01/04 v1.0e Color table columns (DPC)

(C:\Users\Jose David\AppData\Local\Programs\MiKTeX 2.9\tex/latex/latex-tools\ar
ray.sty
Package: array 2020/10/01 v2.5c Tabular extension package (FMi)
\col@sep=\dimen159
\ar@mcellbox=\box51
\extrarowheight=\dimen160
\NC@list=\toks33
\extratabsurround=\skip55
\backup@length=\skip56
\ar@cellbox=\box52
)
\everycr=\toks34
\minrowclearance=\skip57
)
LaTeX Info: Redefining \color on input line 709.
\rownum=\count272
Package xcolor Info: Model `cmy' substituted by `cmy0' on input line 1348.
Package xcolor Info: Model `hsb' substituted by `rgb' on input line 1352.
Package xcolor Info: Model `RGB' extended on input line 1364.
Package xcolor Info: Model `HTML' substituted by `rgb' on input line 1366.
Package xcolor Info: Model `Hsb' substituted by `hsb' on input line 1367.
Package xcolor Info: Model `tHsb' substituted by `hsb' on input line 1368.
Package xcolor Info: Model `HSB' substituted by `hsb' on input line 1369.
Package xcolor Info: Model `Gray' substituted by `gray' on input line 1370.
Package xcolor Info: Model `wave' substituted by `hsb' on input line 1371.
)
(C:\Users\Jose David\AppData\Local\Programs\MiKTeX 2.9\tex/latex/multirow\multi
row.sty
Package: multirow 2021/01/29 v2.7 Span multiple rows of a table
\multirow@colwidth=\skip58
\multirow@cntb=\count273
\multirow@dima=\skip59
\bigstrutjot=\dimen161
)
(C:\Users\Jose David\AppData\Local\Programs\MiKTeX 2.9\tex/latex/latex-tools\ta
bularx.sty
Package: tabularx 2020/01/15 v2.11c `tabularx' package (DPC)
\TX@col@width=\dimen162
\TX@old@table=\dimen163
\TX@old@col=\dimen164
\TX@target=\dimen165
\TX@delta=\dimen166
\TX@cols=\count274
\TX@ftn=\toks35
)
(C:\Users\Jose David\AppData\Local\Programs\MiKTeX 2.9\tex/latex/pgfgantt\pgfga
ntt.sty
Package: pgfgantt 2018/01/10 v5.0 Draw Gantt diagrams with TikZ

(C:\Users\Jose David\AppData\Local\Programs\MiKTeX 2.9\tex/latex/pgf/frontendla
yer\tikz.sty
(C:\Users\Jose David\AppData\Local\Programs\MiKTeX 2.9\tex/latex/pgf/basiclayer
\pgf.sty
(C:\Users\Jose David\AppData\Local\Programs\MiKTeX 2.9\tex/latex/pgf/utilities\
pgfrcs.sty
(C:\Users\Jose David\AppData\Local\Programs\MiKTeX 2.9\tex/generic/pgf/utilitie
s\pgfutil-common.tex
\pgfutil@everybye=\toks36
\pgfutil@tempdima=\dimen167
\pgfutil@tempdimb=\dimen168

(C:\Users\Jose David\AppData\Local\Programs\MiKTeX 2.9\tex/generic/pgf/utilitie
s\pgfutil-common-lists.tex))
(C:\Users\Jose David\AppData\Local\Programs\MiKTeX 2.9\tex/generic/pgf/utilitie
s\pgfutil-latex.def
\pgfutil@abb=\box53
)
(C:\Users\Jose David\AppData\Local\Programs\MiKTeX 2.9\tex/generic/pgf/utilitie
s\pgfrcs.code.tex
(C:\Users\Jose David\AppData\Local\Programs\MiKTeX 2.9\tex/generic/pgf\pgf.revi
sion.tex)
Package: pgfrcs 2020/12/27 v3.1.8b (3.1.8b)
))
Package: pgf 2020/12/27 v3.1.8b (3.1.8b)

(C:\Users\Jose David\AppData\Local\Programs\MiKTeX 2.9\tex/latex/pgf/basiclayer
\pgfcore.sty
(C:\Users\Jose David\AppData\Local\Programs\MiKTeX 2.9\tex/latex/pgf/systemlaye
r\pgfsys.sty
(C:\Users\Jose David\AppData\Local\Programs\MiKTeX 2.9\tex/generic/pgf/systemla
yer\pgfsys.code.tex
Package: pgfsys 2020/12/27 v3.1.8b (3.1.8b)

(C:\Users\Jose David\AppData\Local\Programs\MiKTeX 2.9\tex/generic/pgf/utilitie
s\pgfkeys.code.tex
\pgfkeys@pathtoks=\toks37
\pgfkeys@temptoks=\toks38

(C:\Users\Jose David\AppData\Local\Programs\MiKTeX 2.9\tex/generic/pgf/utilitie
s\pgfkeysfiltered.code.tex
\pgfkeys@tmptoks=\toks39
))
\pgf@x=\dimen169
\pgf@y=\dimen170
\pgf@xa=\dimen171
\pgf@ya=\dimen172
\pgf@xb=\dimen173
\pgf@yb=\dimen174
\pgf@xc=\dimen175
\pgf@yc=\dimen176
\pgf@xd=\dimen177
\pgf@yd=\dimen178
\w@pgf@writea=\write3
\r@pgf@reada=\read3
\c@pgf@counta=\count275
\c@pgf@countb=\count276
\c@pgf@countc=\count277
\c@pgf@countd=\count278
\t@pgf@toka=\toks40
\t@pgf@tokb=\toks41
\t@pgf@tokc=\toks42
\pgf@sys@id@count=\count279

(C:\Users\Jose David\AppData\Local\Programs\MiKTeX 2.9\tex/generic/pgf/systemla
yer\pgf.cfg
File: pgf.cfg 2020/12/27 v3.1.8b (3.1.8b)
)
Driver file for pgf: pgfsys-pdftex.def

(C:\Users\Jose David\AppData\Local\Programs\MiKTeX 2.9\tex/generic/pgf/systemla
yer\pgfsys-pdftex.def
File: pgfsys-pdftex.def 2020/12/27 v3.1.8b (3.1.8b)

(C:\Users\Jose David\AppData\Local\Programs\MiKTeX 2.9\tex/generic/pgf/systemla
yer\pgfsys-common-pdf.def
File: pgfsys-common-pdf.def 2020/12/27 v3.1.8b (3.1.8b)
)))
(C:\Users\Jose David\AppData\Local\Programs\MiKTeX 2.9\tex/generic/pgf/systemla
yer\pgfsyssoftpath.code.tex
File: pgfsyssoftpath.code.tex 2020/12/27 v3.1.8b (3.1.8b)
\pgfsyssoftpath@smallbuffer@items=\count280
\pgfsyssoftpath@bigbuffer@items=\count281
)
(C:\Users\Jose David\AppData\Local\Programs\MiKTeX 2.9\tex/generic/pgf/systemla
yer\pgfsysprotocol.code.tex
File: pgfsysprotocol.code.tex 2020/12/27 v3.1.8b (3.1.8b)
))
(C:\Users\Jose David\AppData\Local\Programs\MiKTeX 2.9\tex/generic/pgf/basiclay
er\pgfcore.code.tex
Package: pgfcore 2020/12/27 v3.1.8b (3.1.8b)

(C:\Users\Jose David\AppData\Local\Programs\MiKTeX 2.9\tex/generic/pgf/math\pgf
math.code.tex
(C:\Users\Jose David\AppData\Local\Programs\MiKTeX 2.9\tex/generic/pgf/math\pgf
mathcalc.code.tex
(C:\Users\Jose David\AppData\Local\Programs\MiKTeX 2.9\tex/generic/pgf/math\pgf
mathutil.code.tex)
(C:\Users\Jose David\AppData\Local\Programs\MiKTeX 2.9\tex/generic/pgf/math\pgf
mathparser.code.tex
\pgfmath@dimen=\dimen179
\pgfmath@count=\count282
\pgfmath@box=\box54
\pgfmath@toks=\toks43
\pgfmath@stack@operand=\toks44
\pgfmath@stack@operation=\toks45
)
(C:\Users\Jose David\AppData\Local\Programs\MiKTeX 2.9\tex/generic/pgf/math\pgf
mathfunctions.code.tex
(C:\Users\Jose David\AppData\Local\Programs\MiKTeX 2.9\tex/generic/pgf/math\pgf
mathfunctions.basic.code.tex)
(C:\Users\Jose David\AppData\Local\Programs\MiKTeX 2.9\tex/generic/pgf/math\pgf
mathfunctions.trigonometric.code.tex)
(C:\Users\Jose David\AppData\Local\Programs\MiKTeX 2.9\tex/generic/pgf/math\pgf
mathfunctions.random.code.tex)
(C:\Users\Jose David\AppData\Local\Programs\MiKTeX 2.9\tex/generic/pgf/math\pgf
mathfunctions.comparison.code.tex)
(C:\Users\Jose David\AppData\Local\Programs\MiKTeX 2.9\tex/generic/pgf/math\pgf
mathfunctions.base.code.tex)
(C:\Users\Jose David\AppData\Local\Programs\MiKTeX 2.9\tex/generic/pgf/math\pgf
mathfunctions.round.code.tex)
(C:\Users\Jose David\AppData\Local\Programs\MiKTeX 2.9\tex/generic/pgf/math\pgf
mathfunctions.misc.code.tex)
(C:\Users\Jose David\AppData\Local\Programs\MiKTeX 2.9\tex/generic/pgf/math\pgf
mathfunctions.integerarithmetics.code.tex)))
(C:\Users\Jose David\AppData\Local\Programs\MiKTeX 2.9\tex/generic/pgf/math\pgf
mathfloat.code.tex
\c@pgfmathroundto@lastzeros=\count283
))
(C:\Users\Jose David\AppData\Local\Programs\MiKTeX 2.9\tex/generic/pgf/math\pgf
int.code.tex)
(C:\Users\Jose David\AppData\Local\Programs\MiKTeX 2.9\tex/generic/pgf/basiclay
er\pgfcorepoints.code.tex
File: pgfcorepoints.code.tex 2020/12/27 v3.1.8b (3.1.8b)
\pgf@picminx=\dimen180
\pgf@picmaxx=\dimen181
\pgf@picminy=\dimen182
\pgf@picmaxy=\dimen183
\pgf@pathminx=\dimen184
\pgf@pathmaxx=\dimen185
\pgf@pathminy=\dimen186
\pgf@pathmaxy=\dimen187
\pgf@xx=\dimen188
\pgf@xy=\dimen189
\pgf@yx=\dimen190
\pgf@yy=\dimen191
\pgf@zx=\dimen192
\pgf@zy=\dimen193
)
(C:\Users\Jose David\AppData\Local\Programs\MiKTeX 2.9\tex/generic/pgf/basiclay
er\pgfcorepathconstruct.code.tex
File: pgfcorepathconstruct.code.tex 2020/12/27 v3.1.8b (3.1.8b)
\pgf@path@lastx=\dimen194
\pgf@path@lasty=\dimen195
)
(C:\Users\Jose David\AppData\Local\Programs\MiKTeX 2.9\tex/generic/pgf/basiclay
er\pgfcorepathusage.code.tex
File: pgfcorepathusage.code.tex 2020/12/27 v3.1.8b (3.1.8b)
\pgf@shorten@end@additional=\dimen196
\pgf@shorten@start@additional=\dimen197
)
(C:\Users\Jose David\AppData\Local\Programs\MiKTeX 2.9\tex/generic/pgf/basiclay
er\pgfcorescopes.code.tex
File: pgfcorescopes.code.tex 2020/12/27 v3.1.8b (3.1.8b)
\pgfpic=\box55
\pgf@hbox=\box56
\pgf@layerbox@main=\box57
\pgf@picture@serial@count=\count284
)
(C:\Users\Jose David\AppData\Local\Programs\MiKTeX 2.9\tex/generic/pgf/basiclay
er\pgfcoregraphicstate.code.tex
File: pgfcoregraphicstate.code.tex 2020/12/27 v3.1.8b (3.1.8b)
\pgflinewidth=\dimen198
)
(C:\Users\Jose David\AppData\Local\Programs\MiKTeX 2.9\tex/generic/pgf/basiclay
er\pgfcoretransformations.code.tex
File: pgfcoretransformations.code.tex 2020/12/27 v3.1.8b (3.1.8b)
\pgf@pt@x=\dimen199
\pgf@pt@y=\dimen256
\pgf@pt@temp=\dimen257
)
(C:\Users\Jose David\AppData\Local\Programs\MiKTeX 2.9\tex/generic/pgf/basiclay
er\pgfcorequick.code.tex
File: pgfcorequick.code.tex 2020/12/27 v3.1.8b (3.1.8b)
)
(C:\Users\Jose David\AppData\Local\Programs\MiKTeX 2.9\tex/generic/pgf/basiclay
er\pgfcoreobjects.code.tex
File: pgfcoreobjects.code.tex 2020/12/27 v3.1.8b (3.1.8b)
)
(C:\Users\Jose David\AppData\Local\Programs\MiKTeX 2.9\tex/generic/pgf/basiclay
er\pgfcorepathprocessing.code.tex
File: pgfcorepathprocessing.code.tex 2020/12/27 v3.1.8b (3.1.8b)
)
(C:\Users\Jose David\AppData\Local\Programs\MiKTeX 2.9\tex/generic/pgf/basiclay
er\pgfcorearrows.code.tex
File: pgfcorearrows.code.tex 2020/12/27 v3.1.8b (3.1.8b)
\pgfarrowsep=\dimen258
)
(C:\Users\Jose David\AppData\Local\Programs\MiKTeX 2.9\tex/generic/pgf/basiclay
er\pgfcoreshade.code.tex
File: pgfcoreshade.code.tex 2020/12/27 v3.1.8b (3.1.8b)
\pgf@max=\dimen259
\pgf@sys@shading@range@num=\count285
\pgf@shadingcount=\count286
)
(C:\Users\Jose David\AppData\Local\Programs\MiKTeX 2.9\tex/generic/pgf/basiclay
er\pgfcoreimage.code.tex
File: pgfcoreimage.code.tex 2020/12/27 v3.1.8b (3.1.8b)

(C:\Users\Jose David\AppData\Local\Programs\MiKTeX 2.9\tex/generic/pgf/basiclay
er\pgfcoreexternal.code.tex
File: pgfcoreexternal.code.tex 2020/12/27 v3.1.8b (3.1.8b)
\pgfexternal@startupbox=\box58
))
(C:\Users\Jose David\AppData\Local\Programs\MiKTeX 2.9\tex/generic/pgf/basiclay
er\pgfcorelayers.code.tex
File: pgfcorelayers.code.tex 2020/12/27 v3.1.8b (3.1.8b)
)
(C:\Users\Jose David\AppData\Local\Programs\MiKTeX 2.9\tex/generic/pgf/basiclay
er\pgfcoretransparency.code.tex
File: pgfcoretransparency.code.tex 2020/12/27 v3.1.8b (3.1.8b)
)
(C:\Users\Jose David\AppData\Local\Programs\MiKTeX 2.9\tex/generic/pgf/basiclay
er\pgfcorepatterns.code.tex
File: pgfcorepatterns.code.tex 2020/12/27 v3.1.8b (3.1.8b)
)
(C:\Users\Jose David\AppData\Local\Programs\MiKTeX 2.9\tex/generic/pgf/basiclay
er\pgfcorerdf.code.tex
File: pgfcorerdf.code.tex 2020/12/27 v3.1.8b (3.1.8b)
)))
(C:\Users\Jose David\AppData\Local\Programs\MiKTeX 2.9\tex/generic/pgf/modules\
pgfmoduleshapes.code.tex
File: pgfmoduleshapes.code.tex 2020/12/27 v3.1.8b (3.1.8b)
\pgfnodeparttextbox=\box59
)
(C:\Users\Jose David\AppData\Local\Programs\MiKTeX 2.9\tex/generic/pgf/modules\
pgfmoduleplot.code.tex
File: pgfmoduleplot.code.tex 2020/12/27 v3.1.8b (3.1.8b)
)
(C:\Users\Jose David\AppData\Local\Programs\MiKTeX 2.9\tex/latex/pgf/compatibil
ity\pgfcomp-version-0-65.sty
Package: pgfcomp-version-0-65 2020/12/27 v3.1.8b (3.1.8b)
\pgf@nodesepstart=\dimen260
\pgf@nodesepend=\dimen261
)
(C:\Users\Jose David\AppData\Local\Programs\MiKTeX 2.9\tex/latex/pgf/compatibil
ity\pgfcomp-version-1-18.sty
Package: pgfcomp-version-1-18 2020/12/27 v3.1.8b (3.1.8b)
))
(C:\Users\Jose David\AppData\Local\Programs\MiKTeX 2.9\tex/latex/pgf/utilities\
pgffor.sty
(C:\Users\Jose David\AppData\Local\Programs\MiKTeX 2.9\tex/latex/pgf/utilities\
pgfkeys.sty
(C:\Users\Jose David\AppData\Local\Programs\MiKTeX 2.9\tex/generic/pgf/utilitie
s\pgfkeys.code.tex))
(C:\Users\Jose David\AppData\Local\Programs\MiKTeX 2.9\tex/latex/pgf/math\pgfma
th.sty
(C:\Users\Jose David\AppData\Local\Programs\MiKTeX 2.9\tex/generic/pgf/math\pgf
math.code.tex))
(C:\Users\Jose David\AppData\Local\Programs\MiKTeX 2.9\tex/generic/pgf/utilitie
s\pgffor.code.tex
Package: pgffor 2020/12/27 v3.1.8b (3.1.8b)

(C:\Users\Jose David\AppData\Local\Programs\MiKTeX 2.9\tex/generic/pgf/math\pgf
math.code.tex)
\pgffor@iter=\dimen262
\pgffor@skip=\dimen263
\pgffor@stack=\toks46
\pgffor@toks=\toks47
))
(C:\Users\Jose David\AppData\Local\Programs\MiKTeX 2.9\tex/generic/pgf/frontend
layer/tikz\tikz.code.tex
Package: tikz 2020/12/27 v3.1.8b (3.1.8b)

(C:\Users\Jose David\AppData\Local\Programs\MiKTeX 2.9\tex/generic/pgf/librarie
s\pgflibraryplothandlers.code.tex
File: pgflibraryplothandlers.code.tex 2020/12/27 v3.1.8b (3.1.8b)
\pgf@plot@mark@count=\count287
\pgfplotmarksize=\dimen264
)
\tikz@lastx=\dimen265
\tikz@lasty=\dimen266
\tikz@lastxsaved=\dimen267
\tikz@lastysaved=\dimen268
\tikz@lastmovetox=\dimen269
\tikz@lastmovetoy=\dimen270
\tikzleveldistance=\dimen271
\tikzsiblingdistance=\dimen272
\tikz@figbox=\box60
\tikz@figbox@bg=\box61
\tikz@tempbox=\box62
\tikz@tempbox@bg=\box63
\tikztreelevel=\count288
\tikznumberofchildren=\count289
\tikznumberofcurrentchild=\count290
\tikz@fig@count=\count291

(C:\Users\Jose David\AppData\Local\Programs\MiKTeX 2.9\tex/generic/pgf/modules\
pgfmodulematrix.code.tex
File: pgfmodulematrix.code.tex 2020/12/27 v3.1.8b (3.1.8b)
\pgfmatrixcurrentrow=\count292
\pgfmatrixcurrentcolumn=\count293
\pgf@matrix@numberofcolumns=\count294
)
\tikz@expandcount=\count295

(C:\Users\Jose David\AppData\Local\Programs\MiKTeX 2.9\tex/generic/pgf/frontend
layer/tikz/libraries\tikzlibrarytopaths.code.tex
File: tikzlibrarytopaths.code.tex 2020/12/27 v3.1.8b (3.1.8b)
)))
(C:\Users\Jose David\AppData\Local\Programs\MiKTeX 2.9\tex/generic/pgf/frontend
layer/tikz/libraries\tikzlibraryarrows.code.tex
File: tikzlibraryarrows.code.tex 2020/12/27 v3.1.8b (3.1.8b)

(C:\Users\Jose David\AppData\Local\Programs\MiKTeX 2.9\tex/generic/pgf/librarie
s\pgflibraryarrows.code.tex
File: pgflibraryarrows.code.tex 2020/12/27 v3.1.8b (3.1.8b)
\arrowsize=\dimen273
))
(C:\Users\Jose David\AppData\Local\Programs\MiKTeX 2.9\tex/generic/pgf/frontend
layer/tikz/libraries\tikzlibrarybackgrounds.code.tex
File: tikzlibrarybackgrounds.code.tex 2020/12/27 v3.1.8b (3.1.8b)
\pgf@layerbox@background=\box64
\pgf@layerboxsaved@background=\box65
)
(C:\Users\Jose David\AppData\Local\Programs\MiKTeX 2.9\tex/generic/pgf/frontend
layer/tikz/libraries\tikzlibrarycalc.code.tex
File: tikzlibrarycalc.code.tex 2020/12/27 v3.1.8b (3.1.8b)
)
(C:\Users\Jose David\AppData\Local\Programs\MiKTeX 2.9\tex/generic/pgf/frontend
layer/tikz/libraries\tikzlibrarypatterns.code.tex
File: tikzlibrarypatterns.code.tex 2020/12/27 v3.1.8b (3.1.8b)

(C:\Users\Jose David\AppData\Local\Programs\MiKTeX 2.9\tex/generic/pgf/librarie
s\pgflibrarypatterns.code.tex
File: pgflibrarypatterns.code.tex 2020/12/27 v3.1.8b (3.1.8b)
))
(C:\Users\Jose David\AppData\Local\Programs\MiKTeX 2.9\tex/generic/pgf/frontend
layer/tikz/libraries\tikzlibrarypositioning.code.tex
File: tikzlibrarypositioning.code.tex 2020/12/27 v3.1.8b (3.1.8b)
)
(C:\Users\Jose David\AppData\Local\Programs\MiKTeX 2.9\tex/generic/pgf/frontend
layer/tikz/libraries\tikzlibraryshapes.geometric.code.tex
File: tikzlibraryshapes.geometric.code.tex 2020/12/27 v3.1.8b (3.1.8b)

(C:\Users\Jose David\AppData\Local\Programs\MiKTeX 2.9\tex/generic/pgf/librarie
s/shapes\pgflibraryshapes.geometric.code.tex
File: pgflibraryshapes.geometric.code.tex 2020/12/27 v3.1.8b (3.1.8b)
))
(C:\Users\Jose David\AppData\Local\Programs\MiKTeX 2.9\tex/latex/pgf/utilities\
pgfcalendar.sty
(C:\Users\Jose David\AppData\Local\Programs\MiKTeX 2.9\tex/generic/pgf/utilitie
s\pgfcalendar.code.tex
File: pgfcalendar.code.tex 2020/12/27 v3.1.8b (3.1.8b)

(C:\Users\Jose David\AppData\Local\Programs\MiKTeX 2.9\tex/generic/pgf/math\pgf
int.code.tex)
\pgfcalendarcurrentjulian=\count296
\pgf@cal@easter@Y=\count297
\pgf@cal@easter@G=\count298
\pgf@cal@easter@C=\count299
\pgf@cal@easter@X=\count300
\pgf@cal@easter@Z=\count301
\pgf@cal@easter@D=\count302
\pgf@cal@easter@E=\count303
\pgf@cal@easter@N=\count304
\pgf@cal@easter@M=\count305
\pgf@cal@easter@julianday=\count306
))
\gtt@currentline=\count307
\gtt@lasttitleline=\count308
\gtt@currgrid=\count309
\gtt@chartwidth=\count310
\gtt@lasttitleslot=\count311
\gtt@elementid=\count312
\gtt@today@slot=\count313
\gtt@startjulian=\count314
\gtt@endjulian=\count315
\gtt@chartid=\count316
\gtt@vrule@slot=\count317
\gtt@calendar@slots=\count318
\gtt@calendar@weeknumber=\count319
\gtt@calendar@startofweek=\count320
\gtt@left@slot=\count321
\gtt@right@slot=\count322
)
(C:\Users\Jose David\AppData\Local\Programs\MiKTeX 2.9\tex/latex/placeins\place
ins.sty
Package: placeins 2005/04/18  v 2.2
)
(C:\Users\Jose David\AppData\Local\Programs\MiKTeX 2.9\tex/latex/caption\captio
n.sty
Package: caption 2020/10/26 v3.5g Customizing captions (AR)

(C:\Users\Jose David\AppData\Local\Programs\MiKTeX 2.9\tex/latex/caption\captio
n3.sty
Package: caption3 2020/10/21 v2.2e caption3 kernel (AR)
\captionmargin=\dimen274
\captionmargin@=\dimen275
\captionwidth=\dimen276
\caption@tempdima=\dimen277
\caption@indent=\dimen278
\caption@parindent=\dimen279
\caption@hangindent=\dimen280
Package caption Info: Standard document class detected.
)
\c@caption@flags=\count323
\c@continuedfloat=\count324
Package caption Info: float package is loaded.
)
(C:\Users\Jose David\AppData\Local\Programs\MiKTeX 2.9\tex/latex/latex-tools\lo
ngtable.sty
Package: longtable 2020/01/07 v4.13 Multi-page Table package (DPC)
\LTleft=\skip60
\LTright=\skip61
\LTpre=\skip62
\LTpost=\skip63
\LTchunksize=\count325
\LTcapwidth=\dimen281
\LT@head=\box66
\LT@firsthead=\box67
\LT@foot=\box68
\LT@lastfoot=\box69
\LT@cols=\count326
\LT@rows=\count327
\c@LT@tables=\count328
\c@LT@chunks=\count329
\LT@p@ftn=\toks48
)
(C:\Users\Jose David\AppData\Local\Programs\MiKTeX 2.9\tex/latex/hyperref\hyper
ref.sty
Package: hyperref 2021-02-27 v7.00k Hypertext links for LaTeX

(C:\Users\Jose David\AppData\Local\Programs\MiKTeX 2.9\tex/generic/ltxcmds\ltxc
mds.sty
Package: ltxcmds 2020-05-10 v1.25 LaTeX kernel commands for general use (HO)
)
(C:\Users\Jose David\AppData\Local\Programs\MiKTeX 2.9\tex/generic/pdftexcmds\p
dftexcmds.sty
Package: pdftexcmds 2020-06-27 v0.33 Utility functions of pdfTeX for LuaTeX (HO
)

(C:\Users\Jose David\AppData\Local\Programs\MiKTeX 2.9\tex/generic/infwarerr\in
fwarerr.sty
Package: infwarerr 2019/12/03 v1.5 Providing info/warning/error messages (HO)
)
Package pdftexcmds Info: \pdf@primitive is available.
Package pdftexcmds Info: \pdf@ifprimitive is available.
Package pdftexcmds Info: \pdfdraftmode found.
)
(C:\Users\Jose David\AppData\Local\Programs\MiKTeX 2.9\tex/generic/kvsetkeys\kv
setkeys.sty
Package: kvsetkeys 2019/12/15 v1.18 Key value parser (HO)
)
(C:\Users\Jose David\AppData\Local\Programs\MiKTeX 2.9\tex/generic/kvdefinekeys
\kvdefinekeys.sty
Package: kvdefinekeys 2019-12-19 v1.6 Define keys (HO)
)
(C:\Users\Jose David\AppData\Local\Programs\MiKTeX 2.9\tex/generic/pdfescape\pd
fescape.sty
Package: pdfescape 2019/12/09 v1.15 Implements pdfTeX's escape features (HO)
)
(C:\Users\Jose David\AppData\Local\Programs\MiKTeX 2.9\tex/latex/hycolor\hycolo
r.sty
Package: hycolor 2020-01-27 v1.10 Color options for hyperref/bookmark (HO)
)
(C:\Users\Jose David\AppData\Local\Programs\MiKTeX 2.9\tex/latex/letltxmacro\le
tltxmacro.sty
Package: letltxmacro 2019/12/03 v1.6 Let assignment for LaTeX macros (HO)
)
(C:\Users\Jose David\AppData\Local\Programs\MiKTeX 2.9\tex/latex/auxhook\auxhoo
k.sty
Package: auxhook 2019-12-17 v1.6 Hooks for auxiliary files (HO)
)
(C:\Users\Jose David\AppData\Local\Programs\MiKTeX 2.9\tex/latex/kvoptions\kvop
tions.sty
Package: kvoptions 2020-10-07 v3.14 Key value format for package options (HO)
)
\@linkdim=\dimen282
\Hy@linkcounter=\count330
\Hy@pagecounter=\count331

(C:\Users\Jose David\AppData\Local\Programs\MiKTeX 2.9\tex/latex/hyperref\pd1en
c.def
File: pd1enc.def 2021-02-27 v7.00k Hyperref: PDFDocEncoding definition (HO)
Now handling font encoding PD1 ...
... no UTF-8 mapping file for font encoding PD1
)
(C:\Users\Jose David\AppData\Local\Programs\MiKTeX 2.9\tex/latex/hyperref\hyper
ref-langpatches.def
File: hyperref-langpatches.def 2021-02-27 v7.00k Hyperref: patches for babel la
nguages
)
(C:\Users\Jose David\AppData\Local\Programs\MiKTeX 2.9\tex/generic/intcalc\intc
alc.sty
Package: intcalc 2019/12/15 v1.3 Expandable calculations with integers (HO)
)
(C:\Users\Jose David\AppData\Local\Programs\MiKTeX 2.9\tex/generic/etexcmds\ete
xcmds.sty
Package: etexcmds 2019/12/15 v1.7 Avoid name clashes with e-TeX commands (HO)
)
\Hy@SavedSpaceFactor=\count332

(C:\Users\Jose David\AppData\Local\Programs\MiKTeX 2.9\tex/latex/hyperref\puenc
.def
File: puenc.def 2021-02-27 v7.00k Hyperref: PDF Unicode definition (HO)
Now handling font encoding PU ...
... no UTF-8 mapping file for font encoding PU
)
Package hyperref Info: Option `bookmarks' set `true' on input line 4073.
Package hyperref Info: Option `unicode' set `false' on input line 4073.
Package hyperref Info: Option `pdftoolbar' set `true' on input line 4073.
Package hyperref Info: Option `pdfmenubar' set `true' on input line 4073.
Package hyperref Info: Option `pdffitwindow' set `false' on input line 4073.
Package hyperref Info: Option `colorlinks' set `true' on input line 4073.
Package hyperref Info: Hyper figures OFF on input line 4192.
Package hyperref Info: Link nesting OFF on input line 4197.
Package hyperref Info: Hyper index ON on input line 4200.
Package hyperref Info: Plain pages OFF on input line 4207.
Package hyperref Info: Backreferencing OFF on input line 4212.
Package hyperref Info: Implicit mode ON; LaTeX internals redefined.
Package hyperref Info: Bookmarks ON on input line 4445.
\c@Hy@tempcnt=\count333
LaTeX Info: Redefining \url on input line 4804.
\XeTeXLinkMargin=\dimen283

(C:\Users\Jose David\AppData\Local\Programs\MiKTeX 2.9\tex/generic/bitset\bitse
t.sty
Package: bitset 2019/12/09 v1.3 Handle bit-vector datatype (HO)

(C:\Users\Jose David\AppData\Local\Programs\MiKTeX 2.9\tex/generic/bigintcalc\b
igintcalc.sty
Package: bigintcalc 2019/12/15 v1.5 Expandable calculations on big integers (HO
)
))
\Fld@menulength=\count334
\Field@Width=\dimen284
\Fld@charsize=\dimen285
Package hyperref Info: Hyper figures OFF on input line 6075.
Package hyperref Info: Link nesting OFF on input line 6080.
Package hyperref Info: Hyper index ON on input line 6083.
Package hyperref Info: backreferencing OFF on input line 6090.
Package hyperref Info: Link coloring ON on input line 6093.
Package hyperref Info: Link coloring with OCG OFF on input line 6100.
Package hyperref Info: PDF/A mode OFF on input line 6105.
LaTeX Info: Redefining \ref on input line 6145.
LaTeX Info: Redefining \pageref on input line 6149.

(C:\Users\Jose David\AppData\Local\Programs\MiKTeX 2.9\tex/latex/base\atbegshi-
ltx.sty
Package: atbegshi-ltx 2020/08/17 v1.0a Emulation of the original atbegshi packa
ge
with kernel methods
)
\Hy@abspage=\count335
\c@Item=\count336
\c@Hfootnote=\count337
)
Package hyperref Info: Driver (autodetected): hpdftex.

(C:\Users\Jose David\AppData\Local\Programs\MiKTeX 2.9\tex/latex/hyperref\hpdft
ex.def
File: hpdftex.def 2021-02-27 v7.00k Hyperref driver for pdfTeX

(C:\Users\Jose David\AppData\Local\Programs\MiKTeX 2.9\tex/latex/base\atveryend
-ltx.sty
Package: atveryend-ltx 2020/08/19 v1.0a Emulation of the original atvery packag
e
with kernel methods
)
\Fld@listcount=\count338
\c@bookmark@seq@number=\count339

(C:\Users\Jose David\AppData\Local\Programs\MiKTeX 2.9\tex/latex/rerunfilecheck
\rerunfilecheck.sty
Package: rerunfilecheck 2019/12/05 v1.9 Rerun checks for auxiliary files (HO)

(C:\Users\Jose David\AppData\Local\Programs\MiKTeX 2.9\tex/generic/uniquecounte
r\uniquecounter.sty
Package: uniquecounter 2019/12/15 v1.4 Provide unlimited unique counter (HO)
)
Package uniquecounter Info: New unique counter `rerunfilecheck' on input line 2
86.
)
\Hy@SectionHShift=\skip64
)
(C:\Users\Jose David\AppData\Local\Programs\MiKTeX 2.9\tex/latex/fancyhdr\fancy
hdr.sty
Package: fancyhdr 2021/01/28 v4.0.1 Extensive control of page headers and foote
rs
\f@nch@headwidth=\skip65
\f@nch@O@elh=\skip66
\f@nch@O@erh=\skip67
\f@nch@O@olh=\skip68
\f@nch@O@orh=\skip69
\f@nch@O@elf=\skip70
\f@nch@O@erf=\skip71
\f@nch@O@olf=\skip72
\f@nch@O@orf=\skip73
)
Package hyperref Info: Option `bookmarksnumbered' set `true' on input line 158.

Package hyperref Info: Option `bookmarksopen' set `false' on input line 158.
Package hyperref Info: Option `pdffitwindow' set `true' on input line 158.
Package hyperref Info: Option `pdfnewwindow' set `true' on input line 158.
Package hyperref Info: Option `unicode' set `true' on input line 158.

(C:\Users\Jose David\AppData\Local\Programs\MiKTeX 2.9\tex/latex/titlesec\title
sec.sty
Package: titlesec 2019/10/16 v2.13 Sectioning titles
\ttl@box=\box70
\beforetitleunit=\skip74
\aftertitleunit=\skip75
\ttl@plus=\dimen286
\ttl@minus=\dimen287
\ttl@toksa=\toks49
\titlewidth=\dimen288
\titlewidthlast=\dimen289
\titlewidthfirst=\dimen290
)
(C:\Users\Jose David\AppData\Local\Programs\MiKTeX 2.9\tex/latex/titlesec\title
toc.sty
Package: titletoc 2019/10/16 v2.13 TOC entries
\ttl@leftsep=\dimen291
))
(C:\Users\Jose David\AppData\Local\Programs\MiKTeX 2.9\tex/latex/pstricks\pstri
cks.sty
Package: pstricks 2020/06/11 v0.70 LaTeX wrapper for `PSTricks' (RN,HV)

(C:\Users\Jose David\AppData\Local\Programs\MiKTeX 2.9\tex/generic/xkeyval\pst-
xkey.tex
File: pst-xkey.tex 2005/11/25 v1.6 PSTricks specialization of xkeyval (HA)

(C:\Users\Jose David\AppData\Local\Programs\MiKTeX 2.9\tex/latex/xkeyval\xkeyva
l.sty
Package: xkeyval 2020/11/20 v2.8 package option processing (HA)

(C:\Users\Jose David\AppData\Local\Programs\MiKTeX 2.9\tex/generic/xkeyval\xkey
val.tex
(C:\Users\Jose David\AppData\Local\Programs\MiKTeX 2.9\tex/generic/xkeyval\xkvu
tils.tex
\XKV@toks=\toks50
\XKV@tempa@toks=\toks51
)
\XKV@depth=\count340
File: xkeyval.tex 2014/12/03 v2.7a key=value parser (HA)
)))
(C:\Users\Jose David\AppData\Local\Programs\MiKTeX 2.9\tex/generic/pstricks\pst
ricks.tex
(C:\Users\Jose David\AppData\Local\Programs\MiKTeX 2.9\tex/generic/pstricks\pst
-fp.tex `pst-fp' v0.05, 2010/01/17 (hv)
\pstFP@xs=\count341
\pstFP@xia=\count342
\pstFP@xib=\count343
\pstFP@xfa=\count344
\pstFP@xfb=\count345
\pstFP@rega=\count346
\pstFP@regb=\count347
\pstFP@regs=\count348
\pstFP@times=\count349
)
\psLoopIndex=\count350

`PSTricks' v3.01  <2020/09/18> (tvz,hv)
\pst@dima=\dimen292
\pst@dimb=\dimen293
\pst@dimc=\dimen294
\pst@dimd=\dimen295
\pst@dimg=\dimen296
\pst@dimh=\dimen297
\pst@dimm=\dimen298
\pst@dimn=\dimen299
\pst@dimo=\dimen300
\pst@dimp=\dimen301
\pst@hbox=\box71
\pst@ibox=\box72
\pst@boxg=\box73
\pst@cnta=\count351
\pst@cntb=\count352
\pst@cntc=\count353
\pst@cntd=\count354
\pst@cntg=\count355
\pst@cnth=\count356
\pst@cntm=\count357
\pst@cntn=\count358
\pst@cnto=\count359
\pst@cntp=\count360
\@zero=\count361
\pst@toks=\toks52

(C:\Users\Jose David\AppData\Local\Programs\MiKTeX 2.9\tex/generic/pstricks\pst
ricks.con)
\psunit=\dimen302
\psxunit=\dimen303
\psyunit=\dimen304
\pst@C@@rType=\count362
\pslinewidth=\dimen305
\psk@startLW=\dimen306
\psk@endLW=\dimen307
\pst@customdefs=\toks53
\pslinearc=\dimen308
\pst@symbolStep=\dimen309
\pst@symbolWidth=\dimen310
\pst@symbolLinewidth=\dimen311
\everypsbox=\toks54
\psframesep=\dimen312
\pslabelsep=\dimen313
\sh@wgridXunit=\dimen314
\sh@wgridYunit=\dimen315
\pst@shift=\dimen316
)
File: pstricks.tex 2020/09/18 v3.01 `PSTricks' (tvz,hv)

(C:\Users\Jose David\AppData\Local\Programs\MiKTeX 2.9\tex/generic/pstricks\pst
-fp.tex)
File: pst-fp.tex 2020/09/18 v3.01 `PST-fp' (hv)
)
(C:\Users\Jose David\AppData\Local\Programs\MiKTeX 2.9\tex/latex/graphics\epsfi
g.sty
Package: epsfig 2017/06/25 v1.7b (e)psfig emulation (SPQR)
\epsfxsize=\dimen317
\epsfysize=\dimen318
)
(C:\Users\Jose David\AppData\Local\Programs\MiKTeX 2.9\tex/latex/latex-tools\mu
lticol.sty
Package: multicol 2019/12/09 v1.8y multicolumn formatting (FMi)
\c@tracingmulticols=\count363
\mult@box=\box74
\multicol@leftmargin=\dimen319
\c@unbalance=\count364
\c@collectmore=\count365
\doublecol@number=\count366
\multicoltolerance=\count367
\multicolpretolerance=\count368
\full@width=\dimen320
\page@free=\dimen321
\premulticols=\dimen322
\postmulticols=\dimen323
\multicolsep=\skip76
\multicolbaselineskip=\skip77
\partial@page=\box75
\last@line=\box76
\maxbalancingoverflow=\dimen324
\mult@rightbox=\box77
\mult@grightbox=\box78
\mult@gfirstbox=\box79
\mult@firstbox=\box80
\@tempa=\box81
\@tempa=\box82
\@tempa=\box83
\@tempa=\box84
\@tempa=\box85
\@tempa=\box86
\@tempa=\box87
\@tempa=\box88
\@tempa=\box89
\@tempa=\box90
\@tempa=\box91
\@tempa=\box92
\@tempa=\box93
\@tempa=\box94
\@tempa=\box95
\@tempa=\box96
\@tempa=\box97
\@tempa=\box98
\@tempa=\box99
\@tempa=\box100
\@tempa=\box101
\@tempa=\box102
\@tempa=\box103
\@tempa=\box104
\@tempa=\box105
\@tempa=\box106
\@tempa=\box107
\@tempa=\box108
\@tempa=\box109
\@tempa=\box110
\@tempa=\box111
\@tempa=\box112
\@tempa=\box113
\@tempa=\box114
\@tempa=\box115
\@tempa=\box116
\@tempa=\box117
\c@minrows=\count369
\c@columnbadness=\count370
\c@finalcolumnbadness=\count371
\last@try=\dimen325
\multicolovershoot=\dimen326
\multicolundershoot=\dimen327
\mult@nat@firstbox=\box118
\colbreak@box=\box119
\mc@col@check@num=\count372
)
(C:\Users\Jose David\AppData\Local\Programs\MiKTeX 2.9\tex/latex/l3backend\l3ba
ckend-pdftex.def
File: l3backend-pdftex.def 2021-03-02 L3 backend support: PDF output (pdfTeX)
\l__color_backend_stack_int=\count373
\l__pdf_internal_box=\box120
) (charter.aux
LaTeX Info: Redefining \. on input line 25.
LaTeX Info: Redefining \% on input line 25.
)
\openout1 = `charter.aux'.

LaTeX Font Info:    Checking defaults for OML/cmm/m/it on input line 78.
LaTeX Font Info:    ... okay on input line 78.
LaTeX Font Info:    Checking defaults for OMS/cmsy/m/n on input line 78.
LaTeX Font Info:    ... okay on input line 78.
LaTeX Font Info:    Checking defaults for OT1/cmr/m/n on input line 78.
LaTeX Font Info:    ... okay on input line 78.
LaTeX Font Info:    Checking defaults for T1/cmr/m/n on input line 78.
LaTeX Font Info:    ... okay on input line 78.
LaTeX Font Info:    Checking defaults for TS1/cmr/m/n on input line 78.
LaTeX Font Info:    ... okay on input line 78.
LaTeX Font Info:    Checking defaults for OMX/cmex/m/n on input line 78.
LaTeX Font Info:    ... okay on input line 78.
LaTeX Font Info:    Checking defaults for U/cmr/m/n on input line 78.
LaTeX Font Info:    ... okay on input line 78.
LaTeX Font Info:    Checking defaults for PD1/pdf/m/n on input line 78.
LaTeX Font Info:    ... okay on input line 78.
LaTeX Font Info:    Checking defaults for PU/pdf/m/n on input line 78.
LaTeX Font Info:    ... okay on input line 78.

(C:\Users\Jose David\AppData\Local\Programs\MiKTeX 2.9\tex/context/base/mkii\su
pp-pdf.mkii
[Loading MPS to PDF converter (version 2006.09.02).]
\scratchcounter=\count374
\scratchdimen=\dimen328
\scratchbox=\box121
\nofMPsegments=\count375
\nofMParguments=\count376
\everyMPshowfont=\toks55
\MPscratchCnt=\count377
\MPscratchDim=\dimen329
\MPnumerator=\count378
\makeMPintoPDFobject=\count379
\everyMPtoPDFconversion=\toks56
)
(C:\Users\Jose David\AppData\Local\Programs\MiKTeX 2.9\tex/latex/epstopdf-pkg\e
pstopdf-base.sty
Package: epstopdf-base 2020-01-24 v2.11 Base part for package epstopdf
Package epstopdf-base Info: Redefining graphics rule for `.eps' on input line 4
85.
)
*geometry* driver: auto-detecting
*geometry* detected driver: pdftex
*geometry* verbose mode - [ preamble ] result:
* driver: pdftex
* paper: <default>
* layout: <same size as paper>
* layoutoffset:(h,v)=(0.0pt,0.0pt)
* vratio: 1:1
* modes: 
* h-part:(L,W,R)=(72.26999pt, 452.9679pt, 72.26999pt)
* v-part:(T,H,B)=(72.26999pt, 700.50687pt, 72.26999pt)
* \paperwidth=597.50787pt
* \paperheight=845.04684pt
* \textwidth=452.9679pt
* \textheight=700.50687pt
* \oddsidemargin=0.0pt
* \evensidemargin=0.0pt
* \topmargin=-37.0pt
* \headheight=42.0pt
* \headsep=25.0pt
* \topskip=11.0pt
* \footskip=30.0pt
* \marginparwidth=50.0pt
* \marginparsep=10.0pt
* \columnsep=10.0pt
* \skip\footins=10.0pt plus 4.0pt minus 2.0pt
* \hoffset=0.0pt
* \voffset=0.0pt
* \mag=1000
* \@twocolumnfalse
* \@twosidefalse
* \@mparswitchfalse
* \@reversemarginfalse
* (1in=72.27pt=25.4mm, 1cm=28.453pt)

LaTeX Info: Redefining \. on input line 78.
LaTeX Info: Redefining \% on input line 78.
Package lastpage Info: Please have a look at the pageslts package at
(lastpage)             https://www.ctan.org/pkg/pageslts
(lastpage)             ! on input line 78.
Package caption Info: Begin \AtBeginDocument code.
Package caption Info: hyperref package is loaded.
Package caption Info: longtable package is loaded.

(C:\Users\Jose David\AppData\Local\Programs\MiKTeX 2.9\tex/latex/caption\ltcapt
ion.sty
Package: ltcaption 2020/05/30 v1.4b longtable captions (AR)
)
Package caption Info: End \AtBeginDocument code.
Package hyperref Info: Link coloring ON on input line 78.

(C:\Users\Jose David\AppData\Local\Programs\MiKTeX 2.9\tex/latex/hyperref\namer
ef.sty
Package: nameref 2021-04-02 v2.47 Cross-referencing by name of section

(C:\Users\Jose David\AppData\Local\Programs\MiKTeX 2.9\tex/latex/refcount\refco
unt.sty
Package: refcount 2019/12/15 v3.6 Data extraction from label references (HO)
)
(C:\Users\Jose David\AppData\Local\Programs\MiKTeX 2.9\tex/generic/gettitlestri
ng\gettitlestring.sty
Package: gettitlestring 2019/12/15 v1.6 Cleanup title references (HO)
)
\c@section@level=\count380
)
LaTeX Info: Redefining \ref on input line 78.
LaTeX Info: Redefining \pageref on input line 78.
LaTeX Info: Redefining \nameref on input line 78.
 (charter.out) (charter.out)
\@outlinefile=\write4
\openout4 = `charter.out'.

Package epstopdf Info: Source file: <./Figuras/logoFIUBA.eps>
(epstopdf)                    date: 2021-03-10 07:08:12
(epstopdf)                    size: 168457 bytes
(epstopdf)             Output file: <./Figuras/logoFIUBA-eps-converted-to.pdf>
(epstopdf)                    date: 2021-04-02 17:56:11
(epstopdf)                    size: 164762 bytes
(epstopdf)             Command: <epstopdf --outfile=./Figuras/logoFIUBA-eps-con
verted-to.pdf ./Figuras/logoFIUBA.eps>
(epstopdf)             \includegraphics on input line 81.
Package epstopdf Info: Output file is already uptodate.


pdfTeX warning: pdflatex.exe (file ./Figuras/logoFIUBA-eps-converted-to.pdf): P
DF inclusion: found PDF version <1.7>, but at most version <1.5> allowed
<./Figuras/logoFIUBA-eps-converted-to.pdf, id=86, 2536.47626pt x 819.06pt>
File: ./Figuras/logoFIUBA-eps-converted-to.pdf Graphic file (type pdf)
<use ./Figuras/logoFIUBA-eps-converted-to.pdf>
Package pdftex.def Info: ./Figuras/logoFIUBA-eps-converted-to.pdf  used on inpu
t line 81.
(pdftex.def)             Requested size: 317.07614pt x 102.38225pt.
[1
Non-PDF special ignored!
<special> header=pstricks.pro
Non-PDF special ignored!
<special> header=pst-algparser.pro
Non-PDF special ignored!
<special> header=pst-tools.pro
Non-PDF special ignored!
<special> header=pst-dots.pro

Non-PDF special ignored!
<special> ps: /pssetRGBcolor /setrgbcolor load def /pssetCMYKcolor /setcmyk...
Non-PDF special ignored!
<special> ps:tx@Dict begin  gsave STV CP T /ps@rot 0 def grestore  end
Non-PDF special ignored!
<special> ps:tx@Dict begin  gsave STV CP T /ps@refangle 0.  def grestore  e...
{C:/Users/Jose David/AppData/Local/MiKTeX/2.9/pdftex/config/pdftex.map} <./Figu
ras/logoFIUBA-eps-converted-to.pdf>] (charter.toc
LaTeX Info: Redefining \. on input line 1.
LaTeX Info: Redefining \% on input line 1.
)
\tf@toc=\write5
\openout5 = `charter.toc'.

 [2]
(C:\Users\Jose David\AppData\Local\Programs\MiKTeX 2.9\tex/latex/amsfonts\umsa.
fd)
(C:\Users\Jose David\AppData\Local\Programs\MiKTeX 2.9\tex/latex/amsfonts\umsb.
fd)
Package epstopdf Info: Source file: <./Figuras/logoFIUBA.eps>
(epstopdf)                    date: 2021-03-10 07:08:12
(epstopdf)                    size: 168457 bytes
(epstopdf)             Output file: <./Figuras/logoFIUBA-eps-converted-to.pdf>
(epstopdf)                    date: 2021-04-02 17:56:11
(epstopdf)                    size: 164762 bytes
(epstopdf)             Command: <epstopdf --outfile=./Figuras/logoFIUBA-eps-con
verted-to.pdf ./Figuras/logoFIUBA.eps>
(epstopdf)             \includegraphics on input line 119.
Package epstopdf Info: Output file is already uptodate.
File: ./Figuras/logoFIUBA-eps-converted-to.pdf Graphic file (type pdf)
<use ./Figuras/logoFIUBA-eps-converted-to.pdf>
Package pdftex.def Info: ./Figuras/logoFIUBA-eps-converted-to.pdf  used on inpu
t line 119.
(pdftex.def)             Requested size: 113.81102pt x 36.74362pt.
 [3]
Package epstopdf Info: Source file: <./Figuras/logoFIUBA.eps>
(epstopdf)                    date: 2021-03-10 07:08:12
(epstopdf)                    size: 168457 bytes
(epstopdf)             Output file: <./Figuras/logoFIUBA-eps-converted-to.pdf>
(epstopdf)                    date: 2021-04-02 17:56:11
(epstopdf)                    size: 164762 bytes
(epstopdf)             Command: <epstopdf --outfile=./Figuras/logoFIUBA-eps-con
verted-to.pdf ./Figuras/logoFIUBA.eps>
(epstopdf)             \includegraphics on input line 154.
Package epstopdf Info: Output file is already uptodate.
File: ./Figuras/logoFIUBA-eps-converted-to.pdf Graphic file (type pdf)
<use ./Figuras/logoFIUBA-eps-converted-to.pdf>
Package pdftex.def Info: ./Figuras/logoFIUBA-eps-converted-to.pdf  used on inpu
t line 154.
(pdftex.def)             Requested size: 113.81102pt x 36.74362pt.
 [4]
Package epstopdf Info: Source file: <./Figuras/Diagramas.eps>
(epstopdf)                    date: 2021-03-14 21:03:34
(epstopdf)                    size: 59845 bytes
(epstopdf)             Output file: <./Figuras/Diagramas-eps-converted-to.pdf>
(epstopdf)                    date: 2021-04-02 17:56:13
(epstopdf)                    size: 18509 bytes
(epstopdf)             Command: <epstopdf --outfile=./Figuras/Diagramas-eps-con
verted-to.pdf ./Figuras/Diagramas.eps>
(epstopdf)             \includegraphics on input line 159.
Package epstopdf Info: Output file is already uptodate.


pdfTeX warning: pdflatex.exe (file ./Figuras/Diagramas-eps-converted-to.pdf): P
DF inclusion: found PDF version <1.7>, but at most version <1.5> allowed
<./Figuras/Diagramas-eps-converted-to.pdf, id=161, 513.92pt x 343.2825pt>
File: ./Figuras/Diagramas-eps-converted-to.pdf Graphic file (type pdf)
<use ./Figuras/Diagramas-eps-converted-to.pdf>
Package pdftex.def Info: ./Figuras/Diagramas-eps-converted-to.pdf  used on inpu
t line 159.
(pdftex.def)             Requested size: 317.07614pt x 211.80104pt.
Package epstopdf Info: Source file: <./Figuras/logoFIUBA.eps>
(epstopdf)                    date: 2021-03-10 07:08:12
(epstopdf)                    size: 168457 bytes
(epstopdf)             Output file: <./Figuras/logoFIUBA-eps-converted-to.pdf>
(epstopdf)                    date: 2021-04-02 17:56:11
(epstopdf)                    size: 164762 bytes
(epstopdf)             Command: <epstopdf --outfile=./Figuras/logoFIUBA-eps-con
verted-to.pdf ./Figuras/logoFIUBA.eps>
(epstopdf)             \includegraphics on input line 167.
Package epstopdf Info: Output file is already uptodate.
File: ./Figuras/logoFIUBA-eps-converted-to.pdf Graphic file (type pdf)
<use ./Figuras/logoFIUBA-eps-converted-to.pdf>
Package pdftex.def Info: ./Figuras/logoFIUBA-eps-converted-to.pdf  used on inpu
t line 167.
(pdftex.def)             Requested size: 113.81102pt x 36.74362pt.
[5 <./Figuras/Diagramas-eps-converted-to.pdf>]
Package epstopdf Info: Source file: <./Figuras/RN1.eps>
(epstopdf)                    date: 2021-04-02 17:58:11
(epstopdf)                    size: 67120 bytes
(epstopdf)             Output file: <./Figuras/RN1-eps-converted-to.pdf>
(epstopdf)                    date: 2021-04-02 17:58:26
(epstopdf)                    size: 15563 bytes
(epstopdf)             Command: <epstopdf --outfile=./Figuras/RN1-eps-converted
-to.pdf ./Figuras/RN1.eps>
(epstopdf)             \includegraphics on input line 172.
Package epstopdf Info: Output file is already uptodate.


pdfTeX warning: pdflatex.exe (file ./Figuras/RN1-eps-converted-to.pdf): PDF inc
lusion: found PDF version <1.7>, but at most version <1.5> allowed
<./Figuras/RN1-eps-converted-to.pdf, id=178, 584.1825pt x 193.72375pt>
File: ./Figuras/RN1-eps-converted-to.pdf Graphic file (type pdf)
<use ./Figuras/RN1-eps-converted-to.pdf>
Package pdftex.def Info: ./Figuras/RN1-eps-converted-to.pdf  used on input line
 172.
(pdftex.def)             Requested size: 407.66833pt x 135.19185pt.
Package epstopdf Info: Source file: <./Figuras/RN2.eps>
(epstopdf)                    date: 2021-04-02 17:54:53
(epstopdf)                    size: 50062 bytes
(epstopdf)             Output file: <./Figuras/RN2-eps-converted-to.pdf>
(epstopdf)                    date: 2021-04-02 17:56:14
(epstopdf)                    size: 14590 bytes
(epstopdf)             Command: <epstopdf --outfile=./Figuras/RN2-eps-converted
-to.pdf ./Figuras/RN2.eps>
(epstopdf)             \includegraphics on input line 181.
Package epstopdf Info: Output file is already uptodate.


pdfTeX warning: pdflatex.exe (file ./Figuras/RN2-eps-converted-to.pdf): PDF inc
lusion: found PDF version <1.7>, but at most version <1.5> allowed
<./Figuras/RN2-eps-converted-to.pdf, id=179, 914.41624pt x 284.06125pt>
File: ./Figuras/RN2-eps-converted-to.pdf Graphic file (type pdf)
<use ./Figuras/RN2-eps-converted-to.pdf>
Package pdftex.def Info: ./Figuras/RN2-eps-converted-to.pdf  used on input line
 181.
(pdftex.def)             Requested size: 448.4407pt x 139.30391pt.
Package epstopdf Info: Source file: <./Figuras/logoFIUBA.eps>
(epstopdf)                    date: 2021-03-10 07:08:12
(epstopdf)                    size: 168457 bytes
(epstopdf)             Output file: <./Figuras/logoFIUBA-eps-converted-to.pdf>
(epstopdf)                    date: 2021-04-02 17:56:11
(epstopdf)                    size: 164762 bytes
(epstopdf)             Command: <epstopdf --outfile=./Figuras/logoFIUBA-eps-con
verted-to.pdf ./Figuras/logoFIUBA.eps>
(epstopdf)             \includegraphics on input line 218.
Package epstopdf Info: Output file is already uptodate.
File: ./Figuras/logoFIUBA-eps-converted-to.pdf Graphic file (type pdf)
<use ./Figuras/logoFIUBA-eps-converted-to.pdf>
Package pdftex.def Info: ./Figuras/logoFIUBA-eps-converted-to.pdf  used on inpu
t line 218.
(pdftex.def)             Requested size: 113.81102pt x 36.74362pt.
[6 <./Figuras/RN1-eps-converted-to.pdf> <./Figuras/RN2-eps-converted-to.pdf>]
Package epstopdf Info: Source file: <./Figuras/logoFIUBA.eps>
(epstopdf)                    date: 2021-03-10 07:08:12
(epstopdf)                    size: 168457 bytes
(epstopdf)             Output file: <./Figuras/logoFIUBA-eps-converted-to.pdf>
(epstopdf)                    date: 2021-04-02 17:56:11
(epstopdf)                    size: 164762 bytes
(epstopdf)             Command: <epstopdf --outfile=./Figuras/logoFIUBA-eps-con
verted-to.pdf ./Figuras/logoFIUBA.eps>
(epstopdf)             \includegraphics on input line 260.
Package epstopdf Info: Output file is already uptodate.
File: ./Figuras/logoFIUBA-eps-converted-to.pdf Graphic file (type pdf)
<use ./Figuras/logoFIUBA-eps-converted-to.pdf>
Package pdftex.def Info: ./Figuras/logoFIUBA-eps-converted-to.pdf  used on inpu
t line 260.
(pdftex.def)             Requested size: 113.81102pt x 36.74362pt.

[7]
Package epstopdf Info: Source file: <./Figuras/logoFIUBA.eps>
(epstopdf)                    date: 2021-03-10 07:08:12
(epstopdf)                    size: 168457 bytes
(epstopdf)             Output file: <./Figuras/logoFIUBA-eps-converted-to.pdf>
(epstopdf)                    date: 2021-04-02 17:56:11
(epstopdf)                    size: 164762 bytes
(epstopdf)             Command: <epstopdf --outfile=./Figuras/logoFIUBA-eps-con
verted-to.pdf ./Figuras/logoFIUBA.eps>
(epstopdf)             \includegraphics on input line 319.
Package epstopdf Info: Output file is already uptodate.
File: ./Figuras/logoFIUBA-eps-converted-to.pdf Graphic file (type pdf)
<use ./Figuras/logoFIUBA-eps-converted-to.pdf>
Package pdftex.def Info: ./Figuras/logoFIUBA-eps-converted-to.pdf  used on inpu
t line 319.
(pdftex.def)             Requested size: 113.81102pt x 36.74362pt.
 [8]
Package epstopdf Info: Source file: <./Figuras/logoFIUBA.eps>
(epstopdf)                    date: 2021-03-10 07:08:12
(epstopdf)                    size: 168457 bytes
(epstopdf)             Output file: <./Figuras/logoFIUBA-eps-converted-to.pdf>
(epstopdf)                    date: 2021-04-02 17:56:11
(epstopdf)                    size: 164762 bytes
(epstopdf)             Command: <epstopdf --outfile=./Figuras/logoFIUBA-eps-con
verted-to.pdf ./Figuras/logoFIUBA.eps>
(epstopdf)             \includegraphics on input line 367.
Package epstopdf Info: Output file is already uptodate.
File: ./Figuras/logoFIUBA-eps-converted-to.pdf Graphic file (type pdf)
<use ./Figuras/logoFIUBA-eps-converted-to.pdf>
Package pdftex.def Info: ./Figuras/logoFIUBA-eps-converted-to.pdf  used on inpu
t line 367.
(pdftex.def)             Requested size: 113.81102pt x 36.74362pt.
 [9] (Activity_On_Node.tex)
Package epstopdf Info: Source file: <./Figuras/logoFIUBA.eps>
(epstopdf)                    date: 2021-03-10 07:08:12
(epstopdf)                    size: 168457 bytes
(epstopdf)             Output file: <./Figuras/logoFIUBA-eps-converted-to.pdf>
(epstopdf)                    date: 2021-04-02 17:56:11
(epstopdf)                    size: 164762 bytes
(epstopdf)             Command: <epstopdf --outfile=./Figuras/logoFIUBA-eps-con
verted-to.pdf ./Figuras/logoFIUBA.eps>
(epstopdf)             \includegraphics on input line 400.
Package epstopdf Info: Output file is already uptodate.
File: ./Figuras/logoFIUBA-eps-converted-to.pdf Graphic file (type pdf)
<use ./Figuras/logoFIUBA-eps-converted-to.pdf>
Package pdftex.def Info: ./Figuras/logoFIUBA-eps-converted-to.pdf  used on inpu
t line 400.
(pdftex.def)             Requested size: 113.81102pt x 36.74362pt.
 [10]
Package epstopdf Info: Source file: <./Figuras/logoFIUBA.eps>
(epstopdf)                    date: 2021-03-10 07:08:12
(epstopdf)                    size: 168457 bytes
(epstopdf)             Output file: <./Figuras/logoFIUBA-eps-converted-to.pdf>
(epstopdf)                    date: 2021-04-02 17:56:11
(epstopdf)                    size: 164762 bytes
(epstopdf)             Command: <epstopdf --outfile=./Figuras/logoFIUBA-eps-con
verted-to.pdf ./Figuras/logoFIUBA.eps>
(epstopdf)             \includegraphics on input line 447.
Package epstopdf Info: Output file is already uptodate.
File: ./Figuras/logoFIUBA-eps-converted-to.pdf Graphic file (type pdf)
<use ./Figuras/logoFIUBA-eps-converted-to.pdf>
Package pdftex.def Info: ./Figuras/logoFIUBA-eps-converted-to.pdf  used on inpu
t line 447.
(pdftex.def)             Requested size: 113.81102pt x 36.74362pt.
 [11] (gantt.tex
LaTeX Font Info:    Trying to load font information for OT1+phv on input line 1
1.

(C:\Users\Jose David\AppData\Local\Programs\MiKTeX 2.9\tex/latex/psnfss\ot1phv.
fd
File: ot1phv.fd 2020/03/25 scalable font definitions for OT1/phv.
)
Overfull \hbox (57.16205pt too wide) in paragraph at lines 99--100
[][] 
 []

)

LaTeX Font Warning: Font shape `OT1/cmr/bc/n' undefined
(Font)              using `OT1/cmr/m/n' instead on input line 459.


Overfull \hbox (3.92789pt too wide) in paragraph at lines 460--460
 []|[]| 
 []


Overfull \hbox (3.35pt too wide) in paragraph at lines 460--460
 []|\OT1/cmr/bc/n/10.95 Computador| 
 []

Package epstopdf Info: Source file: <./Figuras/logoFIUBA.eps>
(epstopdf)                    date: 2021-03-10 07:08:12
(epstopdf)                    size: 168457 bytes
(epstopdf)             Output file: <./Figuras/logoFIUBA-eps-converted-to.pdf>
(epstopdf)                    date: 2021-04-02 17:56:11
(epstopdf)                    size: 164762 bytes
(epstopdf)             Command: <epstopdf --outfile=./Figuras/logoFIUBA-eps-con
verted-to.pdf ./Figuras/logoFIUBA.eps>
(epstopdf)             \includegraphics on input line 473.
Package epstopdf Info: Output file is already uptodate.
File: ./Figuras/logoFIUBA-eps-converted-to.pdf Graphic file (type pdf)
<use ./Figuras/logoFIUBA-eps-converted-to.pdf>
Package pdftex.def Info: ./Figuras/logoFIUBA-eps-converted-to.pdf  used on inpu
t line 473.
(pdftex.def)             Requested size: 113.81102pt x 36.74362pt.
[12]
Package epstopdf Info: Source file: <./Figuras/logoFIUBA.eps>
(epstopdf)                    date: 2021-03-10 07:08:12
(epstopdf)                    size: 168457 bytes
(epstopdf)             Output file: <./Figuras/logoFIUBA-eps-converted-to.pdf>
(epstopdf)                    date: 2021-04-02 17:56:11
(epstopdf)                    size: 164762 bytes
(epstopdf)             Command: <epstopdf --outfile=./Figuras/logoFIUBA-eps-con
verted-to.pdf ./Figuras/logoFIUBA.eps>
(epstopdf)             \includegraphics on input line 537.
Package epstopdf Info: Output file is already uptodate.
File: ./Figuras/logoFIUBA-eps-converted-to.pdf Graphic file (type pdf)
<use ./Figuras/logoFIUBA-eps-converted-to.pdf>
Package pdftex.def Info: ./Figuras/logoFIUBA-eps-converted-to.pdf  used on inpu
t line 537.
(pdftex.def)             Requested size: 113.81102pt x 36.74362pt.
 [13]
Overfull \hbox (0.74728pt too wide) in paragraph at lines 596--596
 []|\OT1/cmr/bc/n/10.95 RPN*| 
 []

Package epstopdf Info: Source file: <./Figuras/logoFIUBA.eps>
(epstopdf)                    date: 2021-03-10 07:08:12
(epstopdf)                    size: 168457 bytes
(epstopdf)             Output file: <./Figuras/logoFIUBA-eps-converted-to.pdf>
(epstopdf)                    date: 2021-04-02 17:56:11
(epstopdf)                    size: 164762 bytes
(epstopdf)             Command: <epstopdf --outfile=./Figuras/logoFIUBA-eps-con
verted-to.pdf ./Figuras/logoFIUBA.eps>
(epstopdf)             \includegraphics on input line 603.
Package epstopdf Info: Output file is already uptodate.
File: ./Figuras/logoFIUBA-eps-converted-to.pdf Graphic file (type pdf)
<use ./Figuras/logoFIUBA-eps-converted-to.pdf>
Package pdftex.def Info: ./Figuras/logoFIUBA-eps-converted-to.pdf  used on inpu
t line 603.
(pdftex.def)             Requested size: 113.81102pt x 36.74362pt.
[14]
LaTeX Font Info:    Font shape `OT1/phv/m/it' in size <10.95> not available
(Font)              Font shape `OT1/phv/m/sl' tried instead on input line 627.
Package epstopdf Info: Source file: <./Figuras/logoFIUBA.eps>
(epstopdf)                    date: 2021-03-10 07:08:12
(epstopdf)                    size: 168457 bytes
(epstopdf)             Output file: <./Figuras/logoFIUBA-eps-converted-to.pdf>
(epstopdf)                    date: 2021-04-02 17:56:11
(epstopdf)                    size: 164762 bytes
(epstopdf)             Command: <epstopdf --outfile=./Figuras/logoFIUBA-eps-con
verted-to.pdf ./Figuras/logoFIUBA.eps>
(epstopdf)             \includegraphics on input line 644.
Package epstopdf Info: Output file is already uptodate.
File: ./Figuras/logoFIUBA-eps-converted-to.pdf Graphic file (type pdf)
<use ./Figuras/logoFIUBA-eps-converted-to.pdf>
Package pdftex.def Info: ./Figuras/logoFIUBA-eps-converted-to.pdf  used on inpu
t line 644.
(pdftex.def)             Requested size: 113.81102pt x 36.74362pt.
 [15]
Package epstopdf Info: Source file: <./Figuras/logoFIUBA.eps>
(epstopdf)                    date: 2021-03-10 07:08:12
(epstopdf)                    size: 168457 bytes
(epstopdf)             Output file: <./Figuras/logoFIUBA-eps-converted-to.pdf>
(epstopdf)                    date: 2021-04-02 17:56:11
(epstopdf)                    size: 164762 bytes
(epstopdf)             Command: <epstopdf --outfile=./Figuras/logoFIUBA-eps-con
verted-to.pdf ./Figuras/logoFIUBA.eps>
(epstopdf)             \includegraphics on input line 688.
Package epstopdf Info: Output file is already uptodate.
File: ./Figuras/logoFIUBA-eps-converted-to.pdf Graphic file (type pdf)
<use ./Figuras/logoFIUBA-eps-converted-to.pdf>
Package pdftex.def Info: ./Figuras/logoFIUBA-eps-converted-to.pdf  used on inpu
t line 688.
(pdftex.def)             Requested size: 113.81102pt x 36.74362pt.
 [16]
Package epstopdf Info: Source file: <./Figuras/logoFIUBA.eps>
(epstopdf)                    date: 2021-03-10 07:08:12
(epstopdf)                    size: 168457 bytes
(epstopdf)             Output file: <./Figuras/logoFIUBA-eps-converted-to.pdf>
(epstopdf)                    date: 2021-04-02 17:56:11
(epstopdf)                    size: 164762 bytes
(epstopdf)             Command: <epstopdf --outfile=./Figuras/logoFIUBA-eps-con
verted-to.pdf ./Figuras/logoFIUBA.eps>
(epstopdf)             \includegraphics on input line 732.
Package epstopdf Info: Output file is already uptodate.
File: ./Figuras/logoFIUBA-eps-converted-to.pdf Graphic file (type pdf)
<use ./Figuras/logoFIUBA-eps-converted-to.pdf>
Package pdftex.def Info: ./Figuras/logoFIUBA-eps-converted-to.pdf  used on inpu
t line 732.
(pdftex.def)             Requested size: 113.81102pt x 36.74362pt.
 [17]
Package epstopdf Info: Source file: <./Figuras/logoFIUBA.eps>
(epstopdf)                    date: 2021-03-10 07:08:12
(epstopdf)                    size: 168457 bytes
(epstopdf)             Output file: <./Figuras/logoFIUBA-eps-converted-to.pdf>
(epstopdf)                    date: 2021-04-02 17:56:11
(epstopdf)                    size: 164762 bytes
(epstopdf)             Command: <epstopdf --outfile=./Figuras/logoFIUBA-eps-con
verted-to.pdf ./Figuras/logoFIUBA.eps>
(epstopdf)             \includegraphics on input line 763.
Package epstopdf Info: Output file is already uptodate.
File: ./Figuras/logoFIUBA-eps-converted-to.pdf Graphic file (type pdf)
<use ./Figuras/logoFIUBA-eps-converted-to.pdf>
Package pdftex.def Info: ./Figuras/logoFIUBA-eps-converted-to.pdf  used on inpu
t line 763.
(pdftex.def)             Requested size: 113.81102pt x 36.74362pt.
 [18]
Underfull \hbox (badness 10000) in paragraph at lines 783--783
[]|\OT1/cmr/bc/n/10.95 Plan de
 []


Underfull \hbox (badness 1052) in paragraph at lines 783--783
\OT1/cmr/bc/n/10.95 tra-ba-jo del
 []


Underfull \hbox (badness 1946) in paragraph at lines 783--783
[]|\OT1/cmr/bc/n/10.95 Informe de
 []


Underfull \hbox (badness 3780) in paragraph at lines 783--783
[]|\OT1/cmr/bc/n/10.95 Informe fi-
 []


Overfull \hbox (4.1208pt too wide) in paragraph at lines 783--783
[]|\OT1/cmr/bc/n/10.95 Presentacion
 []


Overfull \hbox (3.09921pt too wide) in alignment at lines 806--812
 [] [] [] [] [] [] 
 []


Overfull \hbox (3.09921pt too wide) in alignment at lines 812--819
 [] [] [] [] [] [] 
 []


Overfull \hbox (3.09921pt too wide) in alignment at lines 819--822
 [] [] [] [] [] [] 
 []


Overfull \hbox (3.09921pt too wide) in alignment at lines 822--824
 [] [] [] [] [] [] 
 []


Overfull \hbox (3.09921pt too wide) in alignment at lines 824--835
 [] [] [] [] [] [] 
 []

Package epstopdf Info: Source file: <./Figuras/logoFIUBA.eps>
(epstopdf)                    date: 2021-03-10 07:08:12
(epstopdf)                    size: 168457 bytes
(epstopdf)             Output file: <./Figuras/logoFIUBA-eps-converted-to.pdf>
(epstopdf)                    date: 2021-04-02 17:56:11
(epstopdf)                    size: 164762 bytes
(epstopdf)             Command: <epstopdf --outfile=./Figuras/logoFIUBA-eps-con
verted-to.pdf ./Figuras/logoFIUBA.eps>
(epstopdf)             \includegraphics on input line 835.
Package epstopdf Info: Output file is already uptodate.
File: ./Figuras/logoFIUBA-eps-converted-to.pdf Graphic file (type pdf)
<use ./Figuras/logoFIUBA-eps-converted-to.pdf>
Package pdftex.def Info: ./Figuras/logoFIUBA-eps-converted-to.pdf  used on inpu
t line 835.
(pdftex.def)             Requested size: 113.81102pt x 36.74362pt.
[19]
LaTeX Font Info:    Trying to load font information for TS1+phv on input line 8
46.

(C:\Users\Jose David\AppData\Local\Programs\MiKTeX 2.9\tex/latex/psnfss\ts1phv.
fd
File: ts1phv.fd 2020/03/25 scalable font definitions for TS1/phv.
) 
AED: lastpage setting LastPage
Package epstopdf Info: Source file: <./Figuras/logoFIUBA.eps>
(epstopdf)                    date: 2021-03-10 07:08:12
(epstopdf)                    size: 168457 bytes
(epstopdf)             Output file: <./Figuras/logoFIUBA-eps-converted-to.pdf>
(epstopdf)                    date: 2021-04-02 17:56:11
(epstopdf)                    size: 164762 bytes
(epstopdf)             Command: <epstopdf --outfile=./Figuras/logoFIUBA-eps-con
verted-to.pdf ./Figuras/logoFIUBA.eps>
(epstopdf)             \includegraphics on input line 866.
Package epstopdf Info: Output file is already uptodate.
File: ./Figuras/logoFIUBA-eps-converted-to.pdf Graphic file (type pdf)
<use ./Figuras/logoFIUBA-eps-converted-to.pdf>
Package pdftex.def Info: ./Figuras/logoFIUBA-eps-converted-to.pdf  used on inpu
t line 866.
(pdftex.def)             Requested size: 113.81102pt x 36.74362pt.
[20] (charter.aux
LaTeX Info: Redefining \. on input line 25.
LaTeX Info: Redefining \% on input line 25.
)

LaTeX Font Warning: Some font shapes were not available, defaults substituted.

Package rerunfilecheck Info: File `charter.out' has not changed.
(rerunfilecheck)             Checksum: 0AB8544F4D0115620D8432CEC450F8FC;4693.
 ) 
Here is how much of TeX's memory you used:
 27891 strings out of 479323
 517491 string characters out of 2852292
 902662 words of memory out of 3000000
 44726 multiletter control sequences out of 15000+200000
 432122 words of font info for 93 fonts, out of 3000000 for 9000
 1141 hyphenation exceptions out of 8191
 117i,16n,116p,1016b,859s stack positions out of 5000i,500n,10000p,200000b,50000s
{C:/Users/Jose David/AppData/Local/Programs/MiKTeX 2.9/fonts/enc/dvips/base/8
r.enc} <C:\Users\Jose David\AppData\Local\MiKTeX\2.9\fonts/pk/ljfour/jknappen/e
c/dpi600\tcrm1095.pk><C:/Users/Jose David/AppData/Local/Programs/MiKTeX 2.9/fon
ts/type1/public/amsfonts/cm/cmbx10.pfb><C:/Users/Jose David/AppData/Local/Progr
ams/MiKTeX 2.9/fonts/type1/public/amsfonts/cm/cmbx12.pfb><C:/Users/Jose David/A
ppData/Local/Programs/MiKTeX 2.9/fonts/type1/public/amsfonts/cm/cmbxti10.pfb><C
:/Users/Jose David/AppData/Local/Programs/MiKTeX 2.9/fonts/type1/public/amsfont
s/cm/cmr10.pfb><C:/Users/Jose David/AppData/Local/Programs/MiKTeX 2.9/fonts/typ
e1/public/amsfonts/cm/cmr12.pfb><C:/Users/Jose David/AppData/Local/Programs/MiK
TeX 2.9/fonts/type1/public/amsfonts/cm/cmr6.pfb><C:/Users/Jose David/AppData/Lo
cal/Programs/MiKTeX 2.9/fonts/type1/public/amsfonts/cm/cmr8.pfb><C:/Users/Jose 
David/AppData/Local/Programs/MiKTeX 2.9/fonts/type1/public/amsfonts/cm/cmr9.pfb
><C:/Users/Jose David/AppData/Local/Programs/MiKTeX 2.9/fonts/type1/public/amsf
onts/cm/cmss10.pfb><C:/Users/Jose David/AppData/Local/Programs/MiKTeX 2.9/fonts
/type1/public/amsfonts/cm/cmssbx10.pfb><C:/Users/Jose David/AppData/Local/Progr
ams/MiKTeX 2.9/fonts/type1/public/amsfonts/cm/cmti10.pfb><C:/Users/Jose David/A
ppData/Local/Programs/MiKTeX 2.9/fonts/type1/public/amsfonts/latxfont/lcircle1.
pfb><C:/Users/Jose David/AppData/Local/Programs/MiKTeX 2.9/fonts/type1/public/a
msfonts/latxfont/linew10.pfb><C:/Users/Jose David/AppData/Local/Programs/MiKTeX
 2.9/fonts/type1/urw/helvetic/uhvb8ac.pfb><C:/Users/Jose David/AppData/Local/Pr
ograms/MiKTeX 2.9/fonts/type1/urw/helvetic/uhvr8a.pfb><C:/Users/Jose David/AppD
ata/Local/Programs/MiKTeX 2.9/fonts/type1/urw/helvetic/uhvr8ac.pfb><C:/Users/Jo
se David/AppData/Local/Programs/MiKTeX 2.9/fonts/type1/urw/helvetic/uhvro8a.pfb
>
Output written on charter.pdf (20 pages, 480561 bytes).
PDF statistics:
 412 PDF objects out of 1000 (max. 8388607)
 85 named destinations out of 1000 (max. 500000)
 209 words of extra memory for PDF output out of 10000 (max. 10000000)

