\BOOKMARK [1][-]{Doc-Start}{\376\377\000R\000e\000g\000i\000s\000t\000r\000o\000s\000\040\000d\000e\000\040\000c\000a\000m\000b\000i\000o\000s}{}% 1
\BOOKMARK [1][-]{table.caption.1}{\376\377\000A\000c\000t\000a\000\040\000d\000e\000\040\000c\000o\000n\000s\000t\000i\000t\000u\000c\000i\000\363\000n\000\040\000d\000e\000l\000\040\000p\000r\000o\000y\000e\000c\000t\000o}{}% 2
\BOOKMARK [1][-]{table.caption.2}{\376\377\000D\000e\000s\000c\000r\000i\000p\000c\000i\000\363\000n\000\040\000t\000\351\000c\000n\000i\000c\000a\000-\000c\000o\000n\000c\000e\000p\000t\000u\000a\000l\000\040\000d\000e\000l\000\040\000p\000r\000o\000y\000e\000c\000t\000o\000\040\000a\000\040\000r\000e\000a\000l\000i\000z\000a\000r}{}% 3
\BOOKMARK [1][-]{figure.caption.5}{\376\377\000I\000d\000e\000n\000t\000i\000f\000i\000c\000a\000c\000i\000\363\000n\000\040\000y\000\040\000a\000n\000\341\000l\000i\000s\000i\000s\000\040\000d\000e\000\040\000l\000o\000s\000\040\000i\000n\000t\000e\000r\000e\000s\000a\000d\000o\000s}{}% 4
\BOOKMARK [1][-]{table.caption.6}{\376\377\0001\000.\000\040\000P\000r\000o\000p\000\363\000s\000i\000t\000o\000\040\000d\000e\000l\000\040\000p\000r\000o\000y\000e\000c\000t\000o}{}% 5
\BOOKMARK [1][-]{table.caption.6}{\376\377\0002\000.\000\040\000A\000l\000c\000a\000n\000c\000e\000\040\000d\000e\000l\000\040\000p\000r\000o\000y\000e\000c\000t\000o}{}% 6
\BOOKMARK [1][-]{table.caption.6}{\376\377\0003\000.\000\040\000S\000u\000p\000u\000e\000s\000t\000o\000s\000\040\000d\000e\000l\000\040\000p\000r\000o\000y\000e\000c\000t\000o}{}% 7
\BOOKMARK [1][-]{table.caption.6}{\376\377\0004\000.\000\040\000R\000e\000q\000u\000e\000r\000i\000m\000i\000e\000n\000t\000o\000s}{}% 8
\BOOKMARK [1][-]{Item.25}{\376\377\000H\000i\000s\000t\000o\000r\000i\000a\000s\000\040\000d\000e\000\040\000u\000s\000u\000a\000r\000i\000o\000s\000\040\000\050\000P\000r\000o\000d\000u\000c\000t\000\040\000b\000a\000c\000k\000l\000o\000g\000\051}{}% 9
\BOOKMARK [1][-]{Item.25}{\376\377\0005\000.\000\040\000E\000n\000t\000r\000e\000g\000a\000b\000l\000e\000s\000\040\000p\000r\000i\000n\000c\000i\000p\000a\000l\000e\000s\000\040\000d\000e\000l\000\040\000p\000r\000o\000y\000e\000c\000t\000o}{}% 10
\BOOKMARK [1][-]{Item.25}{\376\377\0006\000.\000\040\000D\000e\000s\000g\000l\000o\000s\000e\000\040\000d\000e\000l\000\040\000t\000r\000a\000b\000a\000j\000o\000\040\000e\000n\000\040\000t\000a\000r\000e\000a\000s}{}% 11
\BOOKMARK [1][-]{Item.50}{\376\377\0007\000.\000\040\000D\000i\000a\000g\000r\000a\000m\000a\000\040\000d\000e\000\040\000A\000c\000t\000i\000v\000i\000t\000y\000\040\000O\000n\000\040\000N\000o\000d\000e}{}% 12
\BOOKMARK [1][-]{Item.50}{\376\377\0008\000.\000\040\000D\000i\000a\000g\000r\000a\000m\000a\000\040\000d\000e\000\040\000G\000a\000n\000t\000t}{}% 13
\BOOKMARK [1][-]{table.caption.7}{\376\377\0009\000.\000\040\000M\000a\000t\000r\000i\000z\000\040\000d\000e\000\040\000u\000s\000o\000\040\000d\000e\000\040\000r\000e\000c\000u\000r\000s\000o\000s\000\040\000d\000e\000\040\000m\000a\000t\000e\000r\000i\000a\000l\000e\000s}{}% 14
\BOOKMARK [1][-]{table.caption.8}{\376\377\0001\0000\000.\000\040\000P\000r\000e\000s\000u\000p\000u\000e\000s\000t\000o\000\040\000d\000e\000t\000a\000l\000l\000a\000d\000o\000\040\000d\000e\000l\000\040\000p\000r\000o\000y\000e\000c\000t\000o}{}% 15
\BOOKMARK [1][-]{table.caption.9}{\376\377\0001\0001\000.\000\040\000M\000a\000t\000r\000i\000z\000\040\000d\000e\000\040\000a\000s\000i\000g\000n\000a\000c\000i\000\363\000n\000\040\000d\000e\000\040\000r\000e\000s\000p\000o\000n\000s\000a\000b\000i\000l\000i\000d\000a\000d\000e\000s}{}% 16
\BOOKMARK [1][-]{table.caption.10}{\376\377\0001\0002\000.\000\040\000G\000e\000s\000t\000i\000\363\000n\000\040\000d\000e\000\040\000r\000i\000e\000s\000g\000o\000s}{}% 17
\BOOKMARK [1][-]{table.caption.11}{\376\377\0001\0003\000.\000\040\000G\000e\000s\000t\000i\000\363\000n\000\040\000d\000e\000\040\000l\000a\000\040\000c\000a\000l\000i\000d\000a\000d}{}% 18
\BOOKMARK [1][-]{table.caption.11}{\376\377\0001\0004\000.\000\040\000C\000o\000m\000u\000n\000i\000c\000a\000c\000i\000\363\000n\000\040\000d\000e\000l\000\040\000p\000r\000o\000y\000e\000c\000t\000o}{}% 19
\BOOKMARK [1][-]{table.caption.12}{\376\377\0001\0005\000.\000\040\000G\000e\000s\000t\000i\000\363\000n\000\040\000d\000e\000\040\000c\000o\000m\000p\000r\000a\000s}{}% 20
\BOOKMARK [1][-]{table.caption.12}{\376\377\0001\0006\000.\000\040\000S\000e\000g\000u\000i\000m\000i\000e\000n\000t\000o\000\040\000y\000\040\000c\000o\000n\000t\000r\000o\000l}{}% 21
\BOOKMARK [1][-]{table.1}{\376\377\0001\0007\000.\000\040\000P\000r\000o\000c\000e\000s\000o\000s\000\040\000d\000e\000\040\000c\000i\000e\000r\000r\000e}{}% 22
