This is pdfTeX, Version 3.141592653-2.6-1.40.22 (MiKTeX 21.2) (preloaded format=pdflatex 2021.3.17)  20 APR 2021 11:17
entering extended mode
**./Presentacion.tex
(Presentacion.tex
LaTeX2e <2020-10-01> patch level 4
L3 programming layer <2021-02-18> xparse <2020-03-03>
(C:\Users\Jose David\AppData\Local\Programs\MiKTeX 2.9\tex/latex/beamer\beamer.
cls
Document Class: beamer 2021/02/09 v3.61 A class for typesetting presentations

(C:\Users\Jose David\AppData\Local\Programs\MiKTeX 2.9\tex/latex/beamer\beamerb
asemodes.sty
(C:\Users\Jose David\AppData\Local\Programs\MiKTeX 2.9\tex/latex/etoolbox\etool
box.sty
Package: etoolbox 2020/10/05 v2.5k e-TeX tools for LaTeX (JAW)
\etb@tempcnta=\count179
)
\beamer@tempbox=\box47
\beamer@tempcount=\count180
\c@beamerpauses=\count181

(C:\Users\Jose David\AppData\Local\Programs\MiKTeX 2.9\tex/latex/beamer\beamerb
asedecode.sty
\beamer@slideinframe=\count182
\beamer@minimum=\count183
\beamer@decode@box=\box48
)
\beamer@commentbox=\box49
\beamer@modecount=\count184
)
(C:\Users\Jose David\AppData\Local\Programs\MiKTeX 2.9\tex/generic/iftex\ifpdf.
sty
Package: ifpdf 2019/10/25 v3.4 ifpdf legacy package. Use iftex instead.

(C:\Users\Jose David\AppData\Local\Programs\MiKTeX 2.9\tex/generic/iftex\iftex.
sty
Package: iftex 2020/03/06 v1.0d TeX engine tests
))
\headdp=\dimen138
\footheight=\dimen139
\sidebarheight=\dimen140
\beamer@tempdim=\dimen141
\beamer@finalheight=\dimen142
\beamer@animht=\dimen143
\beamer@animdp=\dimen144
\beamer@animwd=\dimen145
\beamer@leftmargin=\dimen146
\beamer@rightmargin=\dimen147
\beamer@leftsidebar=\dimen148
\beamer@rightsidebar=\dimen149
\beamer@boxsize=\dimen150
\beamer@vboxoffset=\dimen151
\beamer@descdefault=\dimen152
\beamer@descriptionwidth=\dimen153
\beamer@lastskip=\skip47
\beamer@areabox=\box50
\beamer@animcurrent=\box51
\beamer@animshowbox=\box52
\beamer@sectionbox=\box53
\beamer@logobox=\box54
\beamer@linebox=\box55
\beamer@sectioncount=\count185
\beamer@subsubsectionmax=\count186
\beamer@subsectionmax=\count187
\beamer@sectionmax=\count188
\beamer@totalheads=\count189
\beamer@headcounter=\count190
\beamer@partstartpage=\count191
\beamer@sectionstartpage=\count192
\beamer@subsectionstartpage=\count193
\beamer@animationtempa=\count194
\beamer@animationtempb=\count195
\beamer@xpos=\count196
\beamer@ypos=\count197
\beamer@ypos@offset=\count198
\beamer@showpartnumber=\count199
\beamer@currentsubsection=\count266
\beamer@coveringdepth=\count267
\beamer@sectionadjust=\count268
\beamer@tocsectionnumber=\count269

(C:\Users\Jose David\AppData\Local\Programs\MiKTeX 2.9\tex/latex/beamer\beamerb
aseoptions.sty
(C:\Users\Jose David\AppData\Local\Programs\MiKTeX 2.9\tex/latex/graphics\keyva
l.sty
Package: keyval 2014/10/28 v1.15 key=value parser (DPC)
\KV@toks@=\toks15
))
\beamer@paperwidth=\skip48
\beamer@paperheight=\skip49

(C:\Users\Jose David\AppData\Local\Programs\MiKTeX 2.9\tex/latex/geometry\geome
try.sty
Package: geometry 2020/01/02 v5.9 Page Geometry

(C:\Users\Jose David\AppData\Local\Programs\MiKTeX 2.9\tex/generic/iftex\ifvtex
.sty
Package: ifvtex 2019/10/25 v1.7 ifvtex legacy package. Use iftex instead.
)
\Gm@cnth=\count270
\Gm@cntv=\count271
\c@Gm@tempcnt=\count272
\Gm@bindingoffset=\dimen154
\Gm@wd@mp=\dimen155
\Gm@odd@mp=\dimen156
\Gm@even@mp=\dimen157
\Gm@layoutwidth=\dimen158
\Gm@layoutheight=\dimen159
\Gm@layouthoffset=\dimen160
\Gm@layoutvoffset=\dimen161
\Gm@dimlist=\toks16

(C:\Users\Jose David\AppData\Local\Programs\MiKTeX 2.9\tex/latex/geometry\geome
try.cfg))
(C:\Users\Jose David\AppData\Local\Programs\MiKTeX 2.9\tex/latex/base\size11.cl
o
File: size11.clo 2020/04/10 v1.4m Standard LaTeX file (size option)
)
(C:\Users\Jose David\AppData\Local\Programs\MiKTeX 2.9\tex/latex/pgf/basiclayer
\pgfcore.sty
(C:\Users\Jose David\AppData\Local\Programs\MiKTeX 2.9\tex/latex/graphics\graph
icx.sty
Package: graphicx 2020/09/09 v1.2b Enhanced LaTeX Graphics (DPC,SPQR)

(C:\Users\Jose David\AppData\Local\Programs\MiKTeX 2.9\tex/latex/graphics\graph
ics.sty
Package: graphics 2020/08/30 v1.4c Standard LaTeX Graphics (DPC,SPQR)

(C:\Users\Jose David\AppData\Local\Programs\MiKTeX 2.9\tex/latex/graphics\trig.
sty
Package: trig 2016/01/03 v1.10 sin cos tan (DPC)
)
(C:\Users\Jose David\AppData\Local\Programs\MiKTeX 2.9\tex/latex/graphics-cfg\g
raphics.cfg
File: graphics.cfg 2016/06/04 v1.11 sample graphics configuration
)
Package graphics Info: Driver file: pdftex.def on input line 105.

(C:\Users\Jose David\AppData\Local\Programs\MiKTeX 2.9\tex/latex/graphics-def\p
dftex.def
File: pdftex.def 2020/10/05 v1.2a Graphics/color driver for pdftex
))
\Gin@req@height=\dimen162
\Gin@req@width=\dimen163
)
(C:\Users\Jose David\AppData\Local\Programs\MiKTeX 2.9\tex/latex/pgf/systemlaye
r\pgfsys.sty
(C:\Users\Jose David\AppData\Local\Programs\MiKTeX 2.9\tex/latex/pgf/utilities\
pgfrcs.sty
(C:\Users\Jose David\AppData\Local\Programs\MiKTeX 2.9\tex/generic/pgf/utilitie
s\pgfutil-common.tex
\pgfutil@everybye=\toks17
\pgfutil@tempdima=\dimen164
\pgfutil@tempdimb=\dimen165

(C:\Users\Jose David\AppData\Local\Programs\MiKTeX 2.9\tex/generic/pgf/utilitie
s\pgfutil-common-lists.tex))
(C:\Users\Jose David\AppData\Local\Programs\MiKTeX 2.9\tex/generic/pgf/utilitie
s\pgfutil-latex.def
\pgfutil@abb=\box56
)
(C:\Users\Jose David\AppData\Local\Programs\MiKTeX 2.9\tex/generic/pgf/utilitie
s\pgfrcs.code.tex
(C:\Users\Jose David\AppData\Local\Programs\MiKTeX 2.9\tex/generic/pgf\pgf.revi
sion.tex)
Package: pgfrcs 2020/12/27 v3.1.8b (3.1.8b)
))
(C:\Users\Jose David\AppData\Local\Programs\MiKTeX 2.9\tex/generic/pgf/systemla
yer\pgfsys.code.tex
Package: pgfsys 2020/12/27 v3.1.8b (3.1.8b)

(C:\Users\Jose David\AppData\Local\Programs\MiKTeX 2.9\tex/generic/pgf/utilitie
s\pgfkeys.code.tex
\pgfkeys@pathtoks=\toks18
\pgfkeys@temptoks=\toks19

(C:\Users\Jose David\AppData\Local\Programs\MiKTeX 2.9\tex/generic/pgf/utilitie
s\pgfkeysfiltered.code.tex
\pgfkeys@tmptoks=\toks20
))
\pgf@x=\dimen166
\pgf@y=\dimen167
\pgf@xa=\dimen168
\pgf@ya=\dimen169
\pgf@xb=\dimen170
\pgf@yb=\dimen171
\pgf@xc=\dimen172
\pgf@yc=\dimen173
\pgf@xd=\dimen174
\pgf@yd=\dimen175
\w@pgf@writea=\write3
\r@pgf@reada=\read2
\c@pgf@counta=\count273
\c@pgf@countb=\count274
\c@pgf@countc=\count275
\c@pgf@countd=\count276
\t@pgf@toka=\toks21
\t@pgf@tokb=\toks22
\t@pgf@tokc=\toks23
\pgf@sys@id@count=\count277

(C:\Users\Jose David\AppData\Local\Programs\MiKTeX 2.9\tex/generic/pgf/systemla
yer\pgf.cfg
File: pgf.cfg 2020/12/27 v3.1.8b (3.1.8b)
)
Driver file for pgf: pgfsys-pdftex.def

(C:\Users\Jose David\AppData\Local\Programs\MiKTeX 2.9\tex/generic/pgf/systemla
yer\pgfsys-pdftex.def
File: pgfsys-pdftex.def 2020/12/27 v3.1.8b (3.1.8b)

(C:\Users\Jose David\AppData\Local\Programs\MiKTeX 2.9\tex/generic/pgf/systemla
yer\pgfsys-common-pdf.def
File: pgfsys-common-pdf.def 2020/12/27 v3.1.8b (3.1.8b)
)))
(C:\Users\Jose David\AppData\Local\Programs\MiKTeX 2.9\tex/generic/pgf/systemla
yer\pgfsyssoftpath.code.tex
File: pgfsyssoftpath.code.tex 2020/12/27 v3.1.8b (3.1.8b)
\pgfsyssoftpath@smallbuffer@items=\count278
\pgfsyssoftpath@bigbuffer@items=\count279
)
(C:\Users\Jose David\AppData\Local\Programs\MiKTeX 2.9\tex/generic/pgf/systemla
yer\pgfsysprotocol.code.tex
File: pgfsysprotocol.code.tex 2020/12/27 v3.1.8b (3.1.8b)
))
(C:\Users\Jose David\AppData\Local\Programs\MiKTeX 2.9\tex/latex/xcolor\xcolor.
sty
Package: xcolor 2016/05/11 v2.12 LaTeX color extensions (UK)

(C:\Users\Jose David\AppData\Local\Programs\MiKTeX 2.9\tex/latex/graphics-cfg\c
olor.cfg
File: color.cfg 2016/01/02 v1.6 sample color configuration
)
Package xcolor Info: Driver file: pdftex.def on input line 225.

(C:\Users\Jose David\AppData\Local\Programs\MiKTeX 2.9\tex/latex/colortbl\color
tbl.sty
Package: colortbl 2020/01/04 v1.0e Color table columns (DPC)

(C:\Users\Jose David\AppData\Local\Programs\MiKTeX 2.9\tex/latex/latex-tools\ar
ray.sty
Package: array 2020/10/01 v2.5c Tabular extension package (FMi)
\col@sep=\dimen176
\ar@mcellbox=\box57
\extrarowheight=\dimen177
\NC@list=\toks24
\extratabsurround=\skip50
\backup@length=\skip51
\ar@cellbox=\box58
)
\everycr=\toks25
\minrowclearance=\skip52
)
\rownum=\count280
Package xcolor Info: Model `cmy' substituted by `cmy0' on input line 1348.
Package xcolor Info: Model `hsb' substituted by `rgb' on input line 1352.
Package xcolor Info: Model `RGB' extended on input line 1364.
Package xcolor Info: Model `HTML' substituted by `rgb' on input line 1366.
Package xcolor Info: Model `Hsb' substituted by `hsb' on input line 1367.
Package xcolor Info: Model `tHsb' substituted by `hsb' on input line 1368.
Package xcolor Info: Model `HSB' substituted by `hsb' on input line 1369.
Package xcolor Info: Model `Gray' substituted by `gray' on input line 1370.
Package xcolor Info: Model `wave' substituted by `hsb' on input line 1371.
)
(C:\Users\Jose David\AppData\Local\Programs\MiKTeX 2.9\tex/generic/pgf/basiclay
er\pgfcore.code.tex
Package: pgfcore 2020/12/27 v3.1.8b (3.1.8b)

(C:\Users\Jose David\AppData\Local\Programs\MiKTeX 2.9\tex/generic/pgf/math\pgf
math.code.tex
(C:\Users\Jose David\AppData\Local\Programs\MiKTeX 2.9\tex/generic/pgf/math\pgf
mathcalc.code.tex
(C:\Users\Jose David\AppData\Local\Programs\MiKTeX 2.9\tex/generic/pgf/math\pgf
mathutil.code.tex)
(C:\Users\Jose David\AppData\Local\Programs\MiKTeX 2.9\tex/generic/pgf/math\pgf
mathparser.code.tex
\pgfmath@dimen=\dimen178
\pgfmath@count=\count281
\pgfmath@box=\box59
\pgfmath@toks=\toks26
\pgfmath@stack@operand=\toks27
\pgfmath@stack@operation=\toks28
)
(C:\Users\Jose David\AppData\Local\Programs\MiKTeX 2.9\tex/generic/pgf/math\pgf
mathfunctions.code.tex
(C:\Users\Jose David\AppData\Local\Programs\MiKTeX 2.9\tex/generic/pgf/math\pgf
mathfunctions.basic.code.tex)
(C:\Users\Jose David\AppData\Local\Programs\MiKTeX 2.9\tex/generic/pgf/math\pgf
mathfunctions.trigonometric.code.tex)
(C:\Users\Jose David\AppData\Local\Programs\MiKTeX 2.9\tex/generic/pgf/math\pgf
mathfunctions.random.code.tex)
(C:\Users\Jose David\AppData\Local\Programs\MiKTeX 2.9\tex/generic/pgf/math\pgf
mathfunctions.comparison.code.tex)
(C:\Users\Jose David\AppData\Local\Programs\MiKTeX 2.9\tex/generic/pgf/math\pgf
mathfunctions.base.code.tex)
(C:\Users\Jose David\AppData\Local\Programs\MiKTeX 2.9\tex/generic/pgf/math\pgf
mathfunctions.round.code.tex)
(C:\Users\Jose David\AppData\Local\Programs\MiKTeX 2.9\tex/generic/pgf/math\pgf
mathfunctions.misc.code.tex)
(C:\Users\Jose David\AppData\Local\Programs\MiKTeX 2.9\tex/generic/pgf/math\pgf
mathfunctions.integerarithmetics.code.tex)))
(C:\Users\Jose David\AppData\Local\Programs\MiKTeX 2.9\tex/generic/pgf/math\pgf
mathfloat.code.tex
\c@pgfmathroundto@lastzeros=\count282
))
(C:\Users\Jose David\AppData\Local\Programs\MiKTeX 2.9\tex/generic/pgf/math\pgf
int.code.tex)
(C:\Users\Jose David\AppData\Local\Programs\MiKTeX 2.9\tex/generic/pgf/basiclay
er\pgfcorepoints.code.tex
File: pgfcorepoints.code.tex 2020/12/27 v3.1.8b (3.1.8b)
\pgf@picminx=\dimen179
\pgf@picmaxx=\dimen180
\pgf@picminy=\dimen181
\pgf@picmaxy=\dimen182
\pgf@pathminx=\dimen183
\pgf@pathmaxx=\dimen184
\pgf@pathminy=\dimen185
\pgf@pathmaxy=\dimen186
\pgf@xx=\dimen187
\pgf@xy=\dimen188
\pgf@yx=\dimen189
\pgf@yy=\dimen190
\pgf@zx=\dimen191
\pgf@zy=\dimen192
)
(C:\Users\Jose David\AppData\Local\Programs\MiKTeX 2.9\tex/generic/pgf/basiclay
er\pgfcorepathconstruct.code.tex
File: pgfcorepathconstruct.code.tex 2020/12/27 v3.1.8b (3.1.8b)
\pgf@path@lastx=\dimen193
\pgf@path@lasty=\dimen194
)
(C:\Users\Jose David\AppData\Local\Programs\MiKTeX 2.9\tex/generic/pgf/basiclay
er\pgfcorepathusage.code.tex
File: pgfcorepathusage.code.tex 2020/12/27 v3.1.8b (3.1.8b)
\pgf@shorten@end@additional=\dimen195
\pgf@shorten@start@additional=\dimen196
)
(C:\Users\Jose David\AppData\Local\Programs\MiKTeX 2.9\tex/generic/pgf/basiclay
er\pgfcorescopes.code.tex
File: pgfcorescopes.code.tex 2020/12/27 v3.1.8b (3.1.8b)
\pgfpic=\box60
\pgf@hbox=\box61
\pgf@layerbox@main=\box62
\pgf@picture@serial@count=\count283
)
(C:\Users\Jose David\AppData\Local\Programs\MiKTeX 2.9\tex/generic/pgf/basiclay
er\pgfcoregraphicstate.code.tex
File: pgfcoregraphicstate.code.tex 2020/12/27 v3.1.8b (3.1.8b)
\pgflinewidth=\dimen197
)
(C:\Users\Jose David\AppData\Local\Programs\MiKTeX 2.9\tex/generic/pgf/basiclay
er\pgfcoretransformations.code.tex
File: pgfcoretransformations.code.tex 2020/12/27 v3.1.8b (3.1.8b)
\pgf@pt@x=\dimen198
\pgf@pt@y=\dimen199
\pgf@pt@temp=\dimen256
)
(C:\Users\Jose David\AppData\Local\Programs\MiKTeX 2.9\tex/generic/pgf/basiclay
er\pgfcorequick.code.tex
File: pgfcorequick.code.tex 2020/12/27 v3.1.8b (3.1.8b)
)
(C:\Users\Jose David\AppData\Local\Programs\MiKTeX 2.9\tex/generic/pgf/basiclay
er\pgfcoreobjects.code.tex
File: pgfcoreobjects.code.tex 2020/12/27 v3.1.8b (3.1.8b)
)
(C:\Users\Jose David\AppData\Local\Programs\MiKTeX 2.9\tex/generic/pgf/basiclay
er\pgfcorepathprocessing.code.tex
File: pgfcorepathprocessing.code.tex 2020/12/27 v3.1.8b (3.1.8b)
)
(C:\Users\Jose David\AppData\Local\Programs\MiKTeX 2.9\tex/generic/pgf/basiclay
er\pgfcorearrows.code.tex
File: pgfcorearrows.code.tex 2020/12/27 v3.1.8b (3.1.8b)
\pgfarrowsep=\dimen257
)
(C:\Users\Jose David\AppData\Local\Programs\MiKTeX 2.9\tex/generic/pgf/basiclay
er\pgfcoreshade.code.tex
File: pgfcoreshade.code.tex 2020/12/27 v3.1.8b (3.1.8b)
\pgf@max=\dimen258
\pgf@sys@shading@range@num=\count284
\pgf@shadingcount=\count285
)
(C:\Users\Jose David\AppData\Local\Programs\MiKTeX 2.9\tex/generic/pgf/basiclay
er\pgfcoreimage.code.tex
File: pgfcoreimage.code.tex 2020/12/27 v3.1.8b (3.1.8b)

(C:\Users\Jose David\AppData\Local\Programs\MiKTeX 2.9\tex/generic/pgf/basiclay
er\pgfcoreexternal.code.tex
File: pgfcoreexternal.code.tex 2020/12/27 v3.1.8b (3.1.8b)
\pgfexternal@startupbox=\box63
))
(C:\Users\Jose David\AppData\Local\Programs\MiKTeX 2.9\tex/generic/pgf/basiclay
er\pgfcorelayers.code.tex
File: pgfcorelayers.code.tex 2020/12/27 v3.1.8b (3.1.8b)
)
(C:\Users\Jose David\AppData\Local\Programs\MiKTeX 2.9\tex/generic/pgf/basiclay
er\pgfcoretransparency.code.tex
File: pgfcoretransparency.code.tex 2020/12/27 v3.1.8b (3.1.8b)
)
(C:\Users\Jose David\AppData\Local\Programs\MiKTeX 2.9\tex/generic/pgf/basiclay
er\pgfcorepatterns.code.tex
File: pgfcorepatterns.code.tex 2020/12/27 v3.1.8b (3.1.8b)
)
(C:\Users\Jose David\AppData\Local\Programs\MiKTeX 2.9\tex/generic/pgf/basiclay
er\pgfcorerdf.code.tex
File: pgfcorerdf.code.tex 2020/12/27 v3.1.8b (3.1.8b)
)))
(C:\Users\Jose David\AppData\Local\Programs\MiKTeX 2.9\tex/latex/pgf/utilities\
xxcolor.sty
Package: xxcolor 2003/10/24 ver 0.1
\XC@nummixins=\count286
\XC@countmixins=\count287
)
(C:\Users\Jose David\AppData\Local\Programs\MiKTeX 2.9\tex/latex/base\atbegshi-
ltx.sty
Package: atbegshi-ltx 2020/08/17 v1.0a Emulation of the original atbegshi packa
ge
with kernel methods
)
(C:\Users\Jose David\AppData\Local\Programs\MiKTeX 2.9\tex/latex/hyperref\hyper
ref.sty
Package: hyperref 2021-02-27 v7.00k Hypertext links for LaTeX

(C:\Users\Jose David\AppData\Local\Programs\MiKTeX 2.9\tex/generic/ltxcmds\ltxc
mds.sty
Package: ltxcmds 2020-05-10 v1.25 LaTeX kernel commands for general use (HO)
)
(C:\Users\Jose David\AppData\Local\Programs\MiKTeX 2.9\tex/generic/pdftexcmds\p
dftexcmds.sty
Package: pdftexcmds 2020-06-27 v0.33 Utility functions of pdfTeX for LuaTeX (HO
)

(C:\Users\Jose David\AppData\Local\Programs\MiKTeX 2.9\tex/generic/infwarerr\in
fwarerr.sty
Package: infwarerr 2019/12/03 v1.5 Providing info/warning/error messages (HO)
)
Package pdftexcmds Info: \pdf@primitive is available.
Package pdftexcmds Info: \pdf@ifprimitive is available.
Package pdftexcmds Info: \pdfdraftmode found.
)
(C:\Users\Jose David\AppData\Local\Programs\MiKTeX 2.9\tex/generic/kvsetkeys\kv
setkeys.sty
Package: kvsetkeys 2019/12/15 v1.18 Key value parser (HO)
)
(C:\Users\Jose David\AppData\Local\Programs\MiKTeX 2.9\tex/generic/kvdefinekeys
\kvdefinekeys.sty
Package: kvdefinekeys 2019-12-19 v1.6 Define keys (HO)
)
(C:\Users\Jose David\AppData\Local\Programs\MiKTeX 2.9\tex/generic/pdfescape\pd
fescape.sty
Package: pdfescape 2019/12/09 v1.15 Implements pdfTeX's escape features (HO)
)
(C:\Users\Jose David\AppData\Local\Programs\MiKTeX 2.9\tex/latex/hycolor\hycolo
r.sty
Package: hycolor 2020-01-27 v1.10 Color options for hyperref/bookmark (HO)
)
(C:\Users\Jose David\AppData\Local\Programs\MiKTeX 2.9\tex/latex/letltxmacro\le
tltxmacro.sty
Package: letltxmacro 2019/12/03 v1.6 Let assignment for LaTeX macros (HO)
)
(C:\Users\Jose David\AppData\Local\Programs\MiKTeX 2.9\tex/latex/auxhook\auxhoo
k.sty
Package: auxhook 2019-12-17 v1.6 Hooks for auxiliary files (HO)
)
(C:\Users\Jose David\AppData\Local\Programs\MiKTeX 2.9\tex/latex/kvoptions\kvop
tions.sty
Package: kvoptions 2020-10-07 v3.14 Key value format for package options (HO)
)
\@linkdim=\dimen259
\Hy@linkcounter=\count288
\Hy@pagecounter=\count289

(C:\Users\Jose David\AppData\Local\Programs\MiKTeX 2.9\tex/latex/hyperref\pd1en
c.def
File: pd1enc.def 2021-02-27 v7.00k Hyperref: PDFDocEncoding definition (HO)
Now handling font encoding PD1 ...
... no UTF-8 mapping file for font encoding PD1
)
(C:\Users\Jose David\AppData\Local\Programs\MiKTeX 2.9\tex/latex/hyperref\hyper
ref-langpatches.def
File: hyperref-langpatches.def 2021-02-27 v7.00k Hyperref: patches for babel la
nguages
)
(C:\Users\Jose David\AppData\Local\Programs\MiKTeX 2.9\tex/generic/intcalc\intc
alc.sty
Package: intcalc 2019/12/15 v1.3 Expandable calculations with integers (HO)
)
(C:\Users\Jose David\AppData\Local\Programs\MiKTeX 2.9\tex/generic/etexcmds\ete
xcmds.sty
Package: etexcmds 2019/12/15 v1.7 Avoid name clashes with e-TeX commands (HO)
)
\Hy@SavedSpaceFactor=\count290

(C:\Users\Jose David\AppData\Local\Programs\MiKTeX 2.9\tex/latex/hyperref\puenc
.def
File: puenc.def 2021-02-27 v7.00k Hyperref: PDF Unicode definition (HO)
Now handling font encoding PU ...
... no UTF-8 mapping file for font encoding PU
)
Package hyperref Info: Option `bookmarks' set `true' on input line 4073.
Package hyperref Info: Option `bookmarksopen' set `true' on input line 4073.
Package hyperref Info: Option `implicit' set `false' on input line 4073.
Package hyperref Info: Hyper figures OFF on input line 4192.
Package hyperref Info: Link nesting OFF on input line 4197.
Package hyperref Info: Hyper index ON on input line 4200.
Package hyperref Info: Plain pages OFF on input line 4207.
Package hyperref Info: Backreferencing OFF on input line 4212.
Package hyperref Info: Implicit mode OFF; no redefinition of LaTeX internals.
Package hyperref Info: Bookmarks ON on input line 4445.
\c@Hy@tempcnt=\count291

(C:\Users\Jose David\AppData\Local\Programs\MiKTeX 2.9\tex/latex/url\url.sty
\Urlmuskip=\muskip16
Package: url 2013/09/16  ver 3.4  Verb mode for urls, etc.
)
LaTeX Info: Redefining \url on input line 4804.
\XeTeXLinkMargin=\dimen260

(C:\Users\Jose David\AppData\Local\Programs\MiKTeX 2.9\tex/generic/bitset\bitse
t.sty
Package: bitset 2019/12/09 v1.3 Handle bit-vector datatype (HO)

(C:\Users\Jose David\AppData\Local\Programs\MiKTeX 2.9\tex/generic/bigintcalc\b
igintcalc.sty
Package: bigintcalc 2019/12/15 v1.5 Expandable calculations on big integers (HO
)
))
\Fld@menulength=\count292
\Field@Width=\dimen261
\Fld@charsize=\dimen262
Package hyperref Info: Hyper figures OFF on input line 6075.
Package hyperref Info: Link nesting OFF on input line 6080.
Package hyperref Info: Hyper index ON on input line 6083.
Package hyperref Info: backreferencing OFF on input line 6090.
Package hyperref Info: Link coloring OFF on input line 6095.
Package hyperref Info: Link coloring with OCG OFF on input line 6100.
Package hyperref Info: PDF/A mode OFF on input line 6105.
LaTeX Info: Redefining \ref on input line 6145.
LaTeX Info: Redefining \pageref on input line 6149.
\Hy@abspage=\count293


Package hyperref Message: Stopped early.

)
Package hyperref Info: Driver (autodetected): hpdftex.

(C:\Users\Jose David\AppData\Local\Programs\MiKTeX 2.9\tex/latex/hyperref\hpdft
ex.def
File: hpdftex.def 2021-02-27 v7.00k Hyperref driver for pdfTeX

(C:\Users\Jose David\AppData\Local\Programs\MiKTeX 2.9\tex/latex/base\atveryend
-ltx.sty
Package: atveryend-ltx 2020/08/19 v1.0a Emulation of the original atvery packag
e
with kernel methods
)
\Fld@listcount=\count294
\c@bookmark@seq@number=\count295

(C:\Users\Jose David\AppData\Local\Programs\MiKTeX 2.9\tex/latex/rerunfilecheck
\rerunfilecheck.sty
Package: rerunfilecheck 2019/12/05 v1.9 Rerun checks for auxiliary files (HO)

(C:\Users\Jose David\AppData\Local\Programs\MiKTeX 2.9\tex/generic/uniquecounte
r\uniquecounter.sty
Package: uniquecounter 2019/12/15 v1.4 Provide unlimited unique counter (HO)
)
Package uniquecounter Info: New unique counter `rerunfilecheck' on input line 2
86.
))
(C:\Users\Jose David\AppData\Local\Programs\MiKTeX 2.9\tex/latex/beamer\beamerb
aserequires.sty
(C:\Users\Jose David\AppData\Local\Programs\MiKTeX 2.9\tex/latex/beamer\beamerb
asecompatibility.sty)
(C:\Users\Jose David\AppData\Local\Programs\MiKTeX 2.9\tex/latex/beamer\beamerb
asefont.sty
(C:\Users\Jose David\AppData\Local\Programs\MiKTeX 2.9\tex/latex/amsfonts\amssy
mb.sty
Package: amssymb 2013/01/14 v3.01 AMS font symbols

(C:\Users\Jose David\AppData\Local\Programs\MiKTeX 2.9\tex/latex/amsfonts\amsfo
nts.sty
Package: amsfonts 2013/01/14 v3.01 Basic AMSFonts support
\@emptytoks=\toks29
\symAMSa=\mathgroup4
\symAMSb=\mathgroup5
LaTeX Font Info:    Redeclaring math symbol \hbar on input line 98.
LaTeX Font Info:    Overwriting math alphabet `\mathfrak' in version `bold'
(Font)                  U/euf/m/n --> U/euf/b/n on input line 106.
))
(C:\Users\Jose David\AppData\Local\Programs\MiKTeX 2.9\tex/latex/sansmathaccent
\sansmathaccent.sty
Package: sansmathaccent 2020/01/31

(C:\Users\Jose David\AppData\Local\Programs\MiKTeX 2.9\tex/latex/koma-script\sc
rlfile.sty
Package: scrlfile 2020/09/21 v3.32 KOMA-Script package (file load hooks)

(C:\Users\Jose David\AppData\Local\Programs\MiKTeX 2.9\tex/latex/koma-script\sc
rlfile-hook.sty
Package: scrlfile-hook 2020/09/21 v3.32 KOMA-Script package (using LaTeX hooks)


LaTeX3 Info: Defining command \BeforeFile with sig. 'm' on line 61.


LaTeX3 Info: Defining command \AfterFile with sig. 'm' on line 65.


LaTeX3 Info: Defining command \BeforeClass with sig. 'm' on line 69.


LaTeX3 Info: Defining command \BeforePackage with sig. 'm' on line 73.


LaTeX3 Info: Defining command \AfterAtEndOfClass with sig. 'smo+m' on line 83.


LaTeX3 Info: Defining command \AfterAtEndOfPackage with sig. 'smo+m' on line
(LaTeX3)     93.


LaTeX3 Info: Defining command \scrlfile@AfterClass with sig. 'smo+m' on line
(LaTeX3)     173.


LaTeX3 Info: Defining command \AfterClass with sig. '' on line 174.


LaTeX3 Info: Defining command \scrlfile@AfterPackage with sig. 'smo+m' on line
(LaTeX3)     191.


LaTeX3 Info: Defining command \AfterPackage with sig. '' on line 192.


LaTeX3 Info: Defining command \ReplaceInput with sig. '' on line 193.


LaTeX3 Info: Defining command \ReplaceClass with sig. 'mm' on line 196.


LaTeX3 Info: Defining command \ReplacePackage with sig. 'mm' on line 199.


LaTeX3 Info: Defining command \UnReplaceInput with sig. '' on line 200.


LaTeX3 Info: Defining command \UnReplaceClass with sig. 'm' on line 203.


LaTeX3 Info: Defining command \UnReplacePackage with sig. 'mm' on line 206.


LaTeX3 Info: Defining command \PreventPackageFromLoading with sig. 's+om' on
(LaTeX3)     line 234.


LaTeX3 Info: Defining command \StorePreventPackageFromLoading with sig. 'm' on
(LaTeX3)     line 242.


LaTeX3 Info: Defining command \ResetPreventPackageFromLoading with sig. '' on
(LaTeX3)     line 247.


LaTeX3 Info: Defining command \UnPreventPackageFromLoading with sig. 'sm' on
(LaTeX3)     line 261.


LaTeX3 Info: Defining command \BeforeClosingMainAux with sig. 'om' on line
(LaTeX3)     274.


LaTeX3 Info: Defining command \AfterReadingMainAux with sig. 'om' on line 287.


LaTeX3 Info: Defining command \protected@immediate@write with sig. 'm+m+m' on
(LaTeX3)     line 298.


(C:\Users\Jose David\AppData\Local\Programs\MiKTeX 2.9\tex/latex/koma-script\sc
rlogo.sty
Package: scrlogo 2020/09/21 v3.32 KOMA-Script package (logo)
)))))
(C:\Users\Jose David\AppData\Local\Programs\MiKTeX 2.9\tex/latex/beamer\beamerb
asetranslator.sty
(C:\Users\Jose David\AppData\Local\Programs\MiKTeX 2.9\tex/latex/translator\tra
nslator.sty
Package: translator 2020-08-03 v1.12c Easy translation of strings in LaTeX
))
(C:\Users\Jose David\AppData\Local\Programs\MiKTeX 2.9\tex/latex/beamer\beamerb
asemisc.sty)
(C:\Users\Jose David\AppData\Local\Programs\MiKTeX 2.9\tex/latex/beamer\beamerb
asetwoscreens.sty)
(C:\Users\Jose David\AppData\Local\Programs\MiKTeX 2.9\tex/latex/beamer\beamerb
aseoverlay.sty
\beamer@argscount=\count296
\beamer@lastskipcover=\skip53
\beamer@trivlistdepth=\count297
)
(C:\Users\Jose David\AppData\Local\Programs\MiKTeX 2.9\tex/latex/beamer\beamerb
asetitle.sty)
(C:\Users\Jose David\AppData\Local\Programs\MiKTeX 2.9\tex/latex/beamer\beamerb
asesection.sty
\c@lecture=\count298
\c@part=\count299
\c@section=\count300
\c@subsection=\count301
\c@subsubsection=\count302
)
(C:\Users\Jose David\AppData\Local\Programs\MiKTeX 2.9\tex/latex/beamer\beamerb
aseframe.sty
\beamer@framebox=\box64
\beamer@frametitlebox=\box65
\beamer@zoombox=\box66
\beamer@zoomcount=\count303
\beamer@zoomframecount=\count304
\beamer@frametextheight=\dimen263
\c@subsectionslide=\count305
\beamer@frametopskip=\skip54
\beamer@framebottomskip=\skip55
\beamer@frametopskipautobreak=\skip56
\beamer@framebottomskipautobreak=\skip57
\beamer@envbody=\toks30
\framewidth=\dimen264
\c@framenumber=\count306
)
(C:\Users\Jose David\AppData\Local\Programs\MiKTeX 2.9\tex/latex/beamer\beamerb
aseverbatim.sty
\beamer@verbatimfileout=\write4
)
(C:\Users\Jose David\AppData\Local\Programs\MiKTeX 2.9\tex/latex/beamer\beamerb
aseframesize.sty
\beamer@splitbox=\box67
\beamer@autobreakcount=\count307
\beamer@autobreaklastheight=\dimen265
\beamer@frametitletoks=\toks31
\beamer@framesubtitletoks=\toks32
)
(C:\Users\Jose David\AppData\Local\Programs\MiKTeX 2.9\tex/latex/beamer\beamerb
aseframecomponents.sty
\beamer@footins=\box68
)
(C:\Users\Jose David\AppData\Local\Programs\MiKTeX 2.9\tex/latex/beamer\beamerb
asecolor.sty)
(C:\Users\Jose David\AppData\Local\Programs\MiKTeX 2.9\tex/latex/beamer\beamerb
asenotes.sty
\beamer@frameboxcopy=\box69
)
(C:\Users\Jose David\AppData\Local\Programs\MiKTeX 2.9\tex/latex/beamer\beamerb
asetoc.sty)
(C:\Users\Jose David\AppData\Local\Programs\MiKTeX 2.9\tex/latex/beamer\beamerb
asetemplates.sty
\beamer@sbttoks=\toks33

(C:\Users\Jose David\AppData\Local\Programs\MiKTeX 2.9\tex/latex/beamer\beamerb
aseauxtemplates.sty
(C:\Users\Jose David\AppData\Local\Programs\MiKTeX 2.9\tex/latex/beamer\beamerb
aseboxes.sty
\bmb@box=\box70
\bmb@colorbox=\box71
\bmb@boxwidth=\dimen266
\bmb@boxheight=\dimen267
\bmb@prevheight=\dimen268
\bmb@temp=\dimen269
\bmb@dima=\dimen270
\bmb@dimb=\dimen271
\bmb@prevheight=\dimen272
)
\beamer@blockheadheight=\dimen273
))
(C:\Users\Jose David\AppData\Local\Programs\MiKTeX 2.9\tex/latex/beamer\beamerb
aselocalstructure.sty
(C:\Users\Jose David\AppData\Local\Programs\MiKTeX 2.9\tex/latex/latex-tools\en
umerate.sty
Package: enumerate 2015/07/23 v3.00 enumerate extensions (DPC)
\@enLab=\toks34
)
\beamer@bibiconwidth=\skip58
\c@figure=\count308
\c@table=\count309
\abovecaptionskip=\skip59
\belowcaptionskip=\skip60
)
(C:\Users\Jose David\AppData\Local\Programs\MiKTeX 2.9\tex/latex/beamer\beamerb
asenavigation.sty
\beamer@section@min@dim=\dimen274
)
(C:\Users\Jose David\AppData\Local\Programs\MiKTeX 2.9\tex/latex/beamer\beamerb
asetheorems.sty
(C:\Users\Jose David\AppData\Local\Programs\MiKTeX 2.9\tex/latex/amsmath\amsmat
h.sty
Package: amsmath 2020/09/23 v2.17i AMS math features
\@mathmargin=\skip61

For additional information on amsmath, use the `?' option.

(C:\Users\Jose David\AppData\Local\Programs\MiKTeX 2.9\tex/latex/amsmath\amstex
t.sty
Package: amstext 2000/06/29 v2.01 AMS text

(C:\Users\Jose David\AppData\Local\Programs\MiKTeX 2.9\tex/latex/amsmath\amsgen
.sty
File: amsgen.sty 1999/11/30 v2.0 generic functions
\@emptytoks=\toks35
\ex@=\dimen275
))
(C:\Users\Jose David\AppData\Local\Programs\MiKTeX 2.9\tex/latex/amsmath\amsbsy
.sty
Package: amsbsy 1999/11/29 v1.2d Bold Symbols
\pmbraise@=\dimen276
)
(C:\Users\Jose David\AppData\Local\Programs\MiKTeX 2.9\tex/latex/amsmath\amsopn
.sty
Package: amsopn 2016/03/08 v2.02 operator names
)
\inf@bad=\count310
LaTeX Info: Redefining \frac on input line 234.
\uproot@=\count311
\leftroot@=\count312
LaTeX Info: Redefining \overline on input line 399.
\classnum@=\count313
\DOTSCASE@=\count314
LaTeX Info: Redefining \ldots on input line 496.
LaTeX Info: Redefining \dots on input line 499.
LaTeX Info: Redefining \cdots on input line 620.
\Mathstrutbox@=\box72
\strutbox@=\box73
\big@size=\dimen277
LaTeX Font Info:    Redeclaring font encoding OML on input line 743.
LaTeX Font Info:    Redeclaring font encoding OMS on input line 744.
\macc@depth=\count315
\c@MaxMatrixCols=\count316
\dotsspace@=\muskip17
\c@parentequation=\count317
\dspbrk@lvl=\count318
\tag@help=\toks36
\row@=\count319
\column@=\count320
\maxfields@=\count321
\andhelp@=\toks37
\eqnshift@=\dimen278
\alignsep@=\dimen279
\tagshift@=\dimen280
\tagwidth@=\dimen281
\totwidth@=\dimen282
\lineht@=\dimen283
\@envbody=\toks38
\multlinegap=\skip62
\multlinetaggap=\skip63
\mathdisplay@stack=\toks39
LaTeX Info: Redefining \[ on input line 2923.
LaTeX Info: Redefining \] on input line 2924.
)
(C:\Users\Jose David\AppData\Local\Programs\MiKTeX 2.9\tex/latex/amscls\amsthm.
sty
Package: amsthm 2020/05/29 v2.20.6
\thm@style=\toks40
\thm@bodyfont=\toks41
\thm@headfont=\toks42
\thm@notefont=\toks43
\thm@headpunct=\toks44
\thm@preskip=\skip64
\thm@postskip=\skip65
\thm@headsep=\skip66
\dth@everypar=\toks45
)
\c@theorem=\count322
)
(C:\Users\Jose David\AppData\Local\Programs\MiKTeX 2.9\tex/latex/beamer\beamerb
asethemes.sty))
(C:\Users\Jose David\AppData\Local\Programs\MiKTeX 2.9\tex/latex/beamer\beamert
hemedefault.sty
(C:\Users\Jose David\AppData\Local\Programs\MiKTeX 2.9\tex/latex/beamer\beamerf
ontthemedefault.sty)
(C:\Users\Jose David\AppData\Local\Programs\MiKTeX 2.9\tex/latex/beamer\beamerc
olorthemedefault.sty)
(C:\Users\Jose David\AppData\Local\Programs\MiKTeX 2.9\tex/latex/beamer\beameri
nnerthemedefault.sty
\beamer@dima=\dimen284
\beamer@dimb=\dimen285
)
(C:\Users\Jose David\AppData\Local\Programs\MiKTeX 2.9\tex/latex/beamer\beamero
uterthemedefault.sty)))
(C:\Users\Jose David\AppData\Local\Programs\MiKTeX 2.9\tex/latex/beamer\beamert
hemeCambridgeUS.sty
(C:\Users\Jose David\AppData\Local\Programs\MiKTeX 2.9\tex/latex/beamer\beameri
nnerthemerounded.sty)
(C:\Users\Jose David\AppData\Local\Programs\MiKTeX 2.9\tex/latex/beamer\beamero
uterthemeinfolines.sty)
(C:\Users\Jose David\AppData\Local\Programs\MiKTeX 2.9\tex/latex/beamer\beamerc
olorthemebeaver.sty))
(C:\Users\Jose David\AppData\Local\Programs\MiKTeX 2.9\tex/generic/babel\babel.
sty
Package: babel 2021/03/03 3.55 The Babel package

(C:\Users\Jose David\AppData\Local\Programs\MiKTeX 2.9\tex/generic/babel\babel.
def
File: babel.def 2021/03/03 3.55 Babel common definitions
\babel@savecnt=\count323
\U@D=\dimen286
\l@babelnohyphens=\language81

(C:\Users\Jose David\AppData\Local\Programs\MiKTeX 2.9\tex/generic/babel\txtbab
el.def)
\bbl@readstream=\read3
)
LaTeX Info: Redefining \textlatin on input line 717.
\bbl@dirlevel=\count324

*************************************
* Local config file bblopts.cfg used
*

(C:\Users\Jose David\AppData\Local\Programs\MiKTeX 2.9\tex/latex/arabi\bblopts.
cfg
File: bblopts.cfg 2005/09/08 v0.1 add Arabic and Farsi to "declared" options of
 babel
)
(C:\Users\Jose David\AppData\Local\Programs\MiKTeX 2.9\tex/latex/babel-spanish\
spanish.ldf
Language: spanish.ldf 2016/03/03 v5.0p Spanish support from the babel system
\es@quottoks=\toks46
\es@quotdepth=\count325
Package babel Info: Making " an active character on input line 561.
Package babel Info: Making . an active character on input line 662.
Package babel Info: Making < an active character on input line 707.
Package babel Info: Making > an active character on input line 707.
))
(C:\Users\Jose David\AppData\Local\Programs\MiKTeX 2.9\tex/latex/base\inputenc.
sty
Package: inputenc 2020/08/01 v1.3d Input encoding file
\inpenc@prehook=\toks47
\inpenc@posthook=\toks48
)
(C:\Users\Jose David\AppData\Local\Programs\MiKTeX 2.9\tex/latex/booktabs\bookt
abs.sty
Package: booktabs 2020/01/12 v1.61803398 Publication quality tables
\heavyrulewidth=\dimen287
\lightrulewidth=\dimen288
\cmidrulewidth=\dimen289
\belowrulesep=\dimen290
\belowbottomsep=\dimen291
\aboverulesep=\dimen292
\abovetopsep=\dimen293
\cmidrulesep=\dimen294
\cmidrulekern=\dimen295
\defaultaddspace=\dimen296
\@cmidla=\count326
\@cmidlb=\count327
\@aboverulesep=\dimen297
\@belowrulesep=\dimen298
\@thisruleclass=\count328
\@lastruleclass=\count329
\@thisrulewidth=\dimen299
)
(C:\Users\Jose David\AppData\Local\Programs\MiKTeX 2.9\tex/latex/base\latexsym.
sty
Package: latexsym 1998/08/17 v2.2e Standard LaTeX package (lasy symbols)
\symlasy=\mathgroup6
LaTeX Font Info:    Overwriting symbol font `lasy' in version `bold'
(Font)                  U/lasy/m/n --> U/lasy/b/n on input line 52.
)
(C:\Users\Jose David\AppData\Local\Programs\MiKTeX 2.9\tex/latex/textpos\textpo
s.sty
Package: textpos 2020/09/26 v1.10

Package: textpos 2020/09/26 1.10, absolute positioning of text on the page
Package textpos Info: choosing support for LaTeX3 on input line 61.
\TP@textbox=\box74
\TPHorizModule=\dimen300
\TPVertModule=\dimen301
\TP@margin=\dimen302
\TP@absmargin=\dimen303
Grid set 16 x 16 = 22.7622pt x 17.07166pt
\TPboxrulesize=\dimen304
\TP@tbargs=\toks49
)

Package hyperref Warning: Token not allowed in a PDF string (Unicode):
(hyperref)                removing `\\' on input line 136.

(C:\Users\Jose David\AppData\Local\Programs\MiKTeX 2.9\tex/latex/svg\svg.sty
Package: svg 2020/11/26 v2.02k (include SVG pictures)

(C:\Users\Jose David\AppData\Local\Programs\MiKTeX 2.9\tex/latex/koma-script\sc
rbase.sty
Package: scrbase 2020/09/21 v3.32 KOMA-Script package (KOMA-Script-independent 
basics and keyval usage)
)
(C:\Users\Jose David\AppData\Local\Programs\MiKTeX 2.9\tex/latex/trimspaces\tri
mspaces.sty
Package: trimspaces 2009/09/17 v1.1 Trim spaces around a token list
)
(C:\Users\Jose David\AppData\Local\Programs\MiKTeX 2.9\tex/latex/latex-tools\sh
ellesc.sty
Package: shellesc 2019/11/08 v1.0c unified shell escape interface for LaTeX
Package shellesc Info: Restricted shell escape enabled on input line 77.
)
\c@svg@param@lastpage=\count330
\svg@box=\box75
\c@svg@param@currpage=\count331
)
(C:\Users\Jose David\AppData\Local\Programs\MiKTeX 2.9\tex/latex/transparent\tr
ansparent.sty
Package: transparent 2019/11/29 v1.4 Transparency via pdfTeX's color stack (HO)

)
(C:\Users\Jose David\AppData\Local\Programs\MiKTeX 2.9\tex/latex/ragged2e\ragge
d2e.sty
Package: ragged2e 2021/02/05 v3.0 ragged2e Package


LaTeX Warning: Command \@arrayparboxrestore  has changed.
               Check if current package is valid.


(C:\Users\Jose David\AppData\Local\Programs\MiKTeX 2.9\tex/latex/everysel\every
sel.sty
Package: everysel 2021/01/20 v2.1 EverySelectfont Package (MS)

(C:\Users\Jose David\AppData\Local\Programs\MiKTeX 2.9\tex/latex/everysel\every
sel-2011-10-28.sty))
(C:\Users\Jose David\AppData\Local\Programs\MiKTeX 2.9\tex/latex/footmisc\footm
isc.sty
Package: footmisc 2011/06/06 v5.5b a miscellany of footnote facilities
\FN@temptoken=\toks50
\footnotemargin=\dimen305
\c@pp@next@reset=\count332
Package footmisc Info: Declaring symbol style bringhurst on input line 855.
Package footmisc Info: Declaring symbol style chicago on input line 863.
Package footmisc Info: Declaring symbol style wiley on input line 872.
Package footmisc Info: Declaring symbol style lamport-robust on input line 883.

Package footmisc Info: Declaring symbol style lamport* on input line 903.
Package footmisc Info: Declaring symbol style lamport*-robust on input line 924
.
)
\CenteringLeftskip=\skip67
\RaggedLeftLeftskip=\skip68
\RaggedRightLeftskip=\skip69
\CenteringRightskip=\skip70
\RaggedLeftRightskip=\skip71
\RaggedRightRightskip=\skip72
\CenteringParfillskip=\skip73
\RaggedLeftParfillskip=\skip74
\RaggedRightParfillskip=\skip75
\JustifyingParfillskip=\skip76
\CenteringParindent=\skip77
\RaggedLeftParindent=\skip78
\RaggedRightParindent=\skip79
\JustifyingParindent=\skip80
)
(C:\Users\Jose David\AppData\Local\Programs\MiKTeX 2.9\tex/latex/pgfgantt\pgfga
ntt.sty
Package: pgfgantt 2018/01/10 v5.0 Draw Gantt diagrams with TikZ

(C:\Users\Jose David\AppData\Local\Programs\MiKTeX 2.9\tex/latex/pgf/frontendla
yer\tikz.sty
(C:\Users\Jose David\AppData\Local\Programs\MiKTeX 2.9\tex/latex/pgf/basiclayer
\pgf.sty
Package: pgf 2020/12/27 v3.1.8b (3.1.8b)

(C:\Users\Jose David\AppData\Local\Programs\MiKTeX 2.9\tex/generic/pgf/modules\
pgfmoduleshapes.code.tex
File: pgfmoduleshapes.code.tex 2020/12/27 v3.1.8b (3.1.8b)
\pgfnodeparttextbox=\box76
)
(C:\Users\Jose David\AppData\Local\Programs\MiKTeX 2.9\tex/generic/pgf/modules\
pgfmoduleplot.code.tex
File: pgfmoduleplot.code.tex 2020/12/27 v3.1.8b (3.1.8b)
)
(C:\Users\Jose David\AppData\Local\Programs\MiKTeX 2.9\tex/latex/pgf/compatibil
ity\pgfcomp-version-0-65.sty
Package: pgfcomp-version-0-65 2020/12/27 v3.1.8b (3.1.8b)
\pgf@nodesepstart=\dimen306
\pgf@nodesepend=\dimen307
)
(C:\Users\Jose David\AppData\Local\Programs\MiKTeX 2.9\tex/latex/pgf/compatibil
ity\pgfcomp-version-1-18.sty
Package: pgfcomp-version-1-18 2020/12/27 v3.1.8b (3.1.8b)
))
(C:\Users\Jose David\AppData\Local\Programs\MiKTeX 2.9\tex/latex/pgf/utilities\
pgffor.sty
(C:\Users\Jose David\AppData\Local\Programs\MiKTeX 2.9\tex/latex/pgf/utilities\
pgfkeys.sty
(C:\Users\Jose David\AppData\Local\Programs\MiKTeX 2.9\tex/generic/pgf/utilitie
s\pgfkeys.code.tex))
(C:\Users\Jose David\AppData\Local\Programs\MiKTeX 2.9\tex/latex/pgf/math\pgfma
th.sty
(C:\Users\Jose David\AppData\Local\Programs\MiKTeX 2.9\tex/generic/pgf/math\pgf
math.code.tex))
(C:\Users\Jose David\AppData\Local\Programs\MiKTeX 2.9\tex/generic/pgf/utilitie
s\pgffor.code.tex
Package: pgffor 2020/12/27 v3.1.8b (3.1.8b)

(C:\Users\Jose David\AppData\Local\Programs\MiKTeX 2.9\tex/generic/pgf/math\pgf
math.code.tex)
\pgffor@iter=\dimen308
\pgffor@skip=\dimen309
\pgffor@stack=\toks51
\pgffor@toks=\toks52
))
(C:\Users\Jose David\AppData\Local\Programs\MiKTeX 2.9\tex/generic/pgf/frontend
layer/tikz\tikz.code.tex
Package: tikz 2020/12/27 v3.1.8b (3.1.8b)

(C:\Users\Jose David\AppData\Local\Programs\MiKTeX 2.9\tex/generic/pgf/librarie
s\pgflibraryplothandlers.code.tex
File: pgflibraryplothandlers.code.tex 2020/12/27 v3.1.8b (3.1.8b)
\pgf@plot@mark@count=\count333
\pgfplotmarksize=\dimen310
)
\tikz@lastx=\dimen311
\tikz@lasty=\dimen312
\tikz@lastxsaved=\dimen313
\tikz@lastysaved=\dimen314
\tikz@lastmovetox=\dimen315
\tikz@lastmovetoy=\dimen316
\tikzleveldistance=\dimen317
\tikzsiblingdistance=\dimen318
\tikz@figbox=\box77
\tikz@figbox@bg=\box78
\tikz@tempbox=\box79
\tikz@tempbox@bg=\box80
\tikztreelevel=\count334
\tikznumberofchildren=\count335
\tikznumberofcurrentchild=\count336
\tikz@fig@count=\count337

(C:\Users\Jose David\AppData\Local\Programs\MiKTeX 2.9\tex/generic/pgf/modules\
pgfmodulematrix.code.tex
File: pgfmodulematrix.code.tex 2020/12/27 v3.1.8b (3.1.8b)
\pgfmatrixcurrentrow=\count338
\pgfmatrixcurrentcolumn=\count339
\pgf@matrix@numberofcolumns=\count340
)
\tikz@expandcount=\count341

(C:\Users\Jose David\AppData\Local\Programs\MiKTeX 2.9\tex/generic/pgf/frontend
layer/tikz/libraries\tikzlibrarytopaths.code.tex
File: tikzlibrarytopaths.code.tex 2020/12/27 v3.1.8b (3.1.8b)
)))
(C:\Users\Jose David\AppData\Local\Programs\MiKTeX 2.9\tex/generic/pgf/frontend
layer/tikz/libraries\tikzlibraryarrows.code.tex
File: tikzlibraryarrows.code.tex 2020/12/27 v3.1.8b (3.1.8b)

(C:\Users\Jose David\AppData\Local\Programs\MiKTeX 2.9\tex/generic/pgf/librarie
s\pgflibraryarrows.code.tex
File: pgflibraryarrows.code.tex 2020/12/27 v3.1.8b (3.1.8b)
\arrowsize=\dimen319
))
(C:\Users\Jose David\AppData\Local\Programs\MiKTeX 2.9\tex/generic/pgf/frontend
layer/tikz/libraries\tikzlibrarybackgrounds.code.tex
File: tikzlibrarybackgrounds.code.tex 2020/12/27 v3.1.8b (3.1.8b)
\pgf@layerbox@background=\box81
\pgf@layerboxsaved@background=\box82
)
(C:\Users\Jose David\AppData\Local\Programs\MiKTeX 2.9\tex/generic/pgf/frontend
layer/tikz/libraries\tikzlibrarycalc.code.tex
File: tikzlibrarycalc.code.tex 2020/12/27 v3.1.8b (3.1.8b)
)
(C:\Users\Jose David\AppData\Local\Programs\MiKTeX 2.9\tex/generic/pgf/frontend
layer/tikz/libraries\tikzlibrarypatterns.code.tex
File: tikzlibrarypatterns.code.tex 2020/12/27 v3.1.8b (3.1.8b)

(C:\Users\Jose David\AppData\Local\Programs\MiKTeX 2.9\tex/generic/pgf/librarie
s\pgflibrarypatterns.code.tex
File: pgflibrarypatterns.code.tex 2020/12/27 v3.1.8b (3.1.8b)
))
(C:\Users\Jose David\AppData\Local\Programs\MiKTeX 2.9\tex/generic/pgf/frontend
layer/tikz/libraries\tikzlibrarypositioning.code.tex
File: tikzlibrarypositioning.code.tex 2020/12/27 v3.1.8b (3.1.8b)
)
(C:\Users\Jose David\AppData\Local\Programs\MiKTeX 2.9\tex/generic/pgf/frontend
layer/tikz/libraries\tikzlibraryshapes.geometric.code.tex
File: tikzlibraryshapes.geometric.code.tex 2020/12/27 v3.1.8b (3.1.8b)

(C:\Users\Jose David\AppData\Local\Programs\MiKTeX 2.9\tex/generic/pgf/librarie
s/shapes\pgflibraryshapes.geometric.code.tex
File: pgflibraryshapes.geometric.code.tex 2020/12/27 v3.1.8b (3.1.8b)
))
(C:\Users\Jose David\AppData\Local\Programs\MiKTeX 2.9\tex/latex/pgf/utilities\
pgfcalendar.sty
(C:\Users\Jose David\AppData\Local\Programs\MiKTeX 2.9\tex/generic/pgf/utilitie
s\pgfcalendar.code.tex
File: pgfcalendar.code.tex 2020/12/27 v3.1.8b (3.1.8b)

(C:\Users\Jose David\AppData\Local\Programs\MiKTeX 2.9\tex/generic/pgf/math\pgf
int.code.tex)
\pgfcalendarcurrentjulian=\count342
\pgf@cal@easter@Y=\count343
\pgf@cal@easter@G=\count344
\pgf@cal@easter@C=\count345
\pgf@cal@easter@X=\count346
\pgf@cal@easter@Z=\count347
\pgf@cal@easter@D=\count348
\pgf@cal@easter@E=\count349
\pgf@cal@easter@N=\count350
\pgf@cal@easter@M=\count351
\pgf@cal@easter@julianday=\count352
))
\gtt@currentline=\count353
\gtt@lasttitleline=\count354
\gtt@currgrid=\count355
\gtt@chartwidth=\count356
\gtt@lasttitleslot=\count357
\gtt@elementid=\count358
\gtt@today@slot=\count359
\gtt@startjulian=\count360
\gtt@endjulian=\count361
\gtt@chartid=\count362
\gtt@vrule@slot=\count363
\gtt@calendar@slots=\count364
\gtt@calendar@weeknumber=\count365
\gtt@calendar@startofweek=\count366
\gtt@left@slot=\count367
\gtt@right@slot=\count368
)
(C:\Users\Jose David\AppData\Local\Programs\MiKTeX 2.9\tex/latex/pgfplots\pgfpl
ots.sty
(C:\Users\Jose David\AppData\Local\Programs\MiKTeX 2.9\tex/generic/pgfplots\pgf
plots.revision.tex)
Package: pgfplots 2020/02/29 v1.17 Data Visualization (1.17)

(C:\Users\Jose David\AppData\Local\Programs\MiKTeX 2.9\tex/generic/pgfplots\pgf
plots.code.tex
(C:\Users\Jose David\AppData\Local\Programs\MiKTeX 2.9\tex/generic/pgfplots\pgf
plotscore.code.tex
\t@pgfplots@toka=\toks53
\t@pgfplots@tokb=\toks54
\t@pgfplots@tokc=\toks55
\pgfplots@tmpa=\dimen320
\c@pgfplots@coordindex=\count369
\c@pgfplots@scanlineindex=\count370

(C:\Users\Jose David\AppData\Local\Programs\MiKTeX 2.9\tex/generic/pgfplots/sys
\pgfplotssysgeneric.code.tex))
(C:\Users\Jose David\AppData\Local\Programs\MiKTeX 2.9\tex/generic/pgfplots/lib
s\pgfplotslibrary.code.tex)
(C:\Users\Jose David\AppData\Local\Programs\MiKTeX 2.9\tex/generic/pgfplots/old
pgfcompatib\pgfplotsoldpgfsupp_loader.code.tex
(C:\Users\Jose David\AppData\Local\Programs\MiKTeX 2.9\tex/generic/pgf/librarie
s\pgflibraryfpu.code.tex))
(C:\Users\Jose David\AppData\Local\Programs\MiKTeX 2.9\tex/generic/pgfplots/uti
l\pgfplotsutil.code.tex
(C:\Users\Jose David\AppData\Local\Programs\MiKTeX 2.9\tex/generic/pgfplots/lis
tstructure\pgfplotsliststructure.code.tex)
(C:\Users\Jose David\AppData\Local\Programs\MiKTeX 2.9\tex/generic/pgfplots/lis
tstructure\pgfplotsliststructureext.code.tex)
(C:\Users\Jose David\AppData\Local\Programs\MiKTeX 2.9\tex/generic/pgfplots/lis
tstructure\pgfplotsarray.code.tex
\c@pgfplotsarray@tmp=\count371
)
(C:\Users\Jose David\AppData\Local\Programs\MiKTeX 2.9\tex/generic/pgfplots/lis
tstructure\pgfplotsmatrix.code.tex)
(C:\Users\Jose David\AppData\Local\Programs\MiKTeX 2.9\tex/generic/pgfplots/num
table\pgfplotstableshared.code.tex
\c@pgfplotstable@counta=\count372
\t@pgfplotstable@a=\toks56
)
(C:\Users\Jose David\AppData\Local\Programs\MiKTeX 2.9\tex/generic/pgfplots/lis
tstructure\pgfplotsdeque.code.tex)
(C:\Users\Jose David\AppData\Local\Programs\MiKTeX 2.9\tex/generic/pgfplots/uti
l\pgfplotsbinary.code.tex
(C:\Users\Jose David\AppData\Local\Programs\MiKTeX 2.9\tex/generic/pgfplots/uti
l\pgfplotsbinary.data.code.tex))
(C:\Users\Jose David\AppData\Local\Programs\MiKTeX 2.9\tex/generic/pgfplots/uti
l\pgfplotsutil.verb.code.tex)
(C:\Users\Jose David\AppData\Local\Programs\MiKTeX 2.9\tex/generic/pgfplots/lib
s\pgflibrarypgfplots.surfshading.code.tex
\c@pgfplotslibrarysurf@no=\count373

(C:\Users\Jose David\AppData\Local\Programs\MiKTeX 2.9\tex/generic/pgfplots/sys
\pgflibrarypgfplots.surfshading.pgfsys-pdftex.def)))
(C:\Users\Jose David\AppData\Local\Programs\MiKTeX 2.9\tex/generic/pgfplots/uti
l\pgfplotscolormap.code.tex
(C:\Users\Jose David\AppData\Local\Programs\MiKTeX 2.9\tex/generic/pgfplots/uti
l\pgfplotscolor.code.tex))
(C:\Users\Jose David\AppData\Local\Programs\MiKTeX 2.9\tex/generic/pgfplots\pgf
plotsstackedplots.code.tex)
(C:\Users\Jose David\AppData\Local\Programs\MiKTeX 2.9\tex/generic/pgfplots\pgf
plotsplothandlers.code.tex
(C:\Users\Jose David\AppData\Local\Programs\MiKTeX 2.9\tex/generic/pgfplots\pgf
plotsmeshplothandler.code.tex
(C:\Users\Jose David\AppData\Local\Programs\MiKTeX 2.9\tex/generic/pgfplots\pgf
plotsmeshplotimage.code.tex)))
(C:\Users\Jose David\AppData\Local\Programs\MiKTeX 2.9\tex/generic/pgfplots\pgf
plots.scaling.code.tex)
(C:\Users\Jose David\AppData\Local\Programs\MiKTeX 2.9\tex/generic/pgfplots\pgf
plotscoordprocessing.code.tex)
(C:\Users\Jose David\AppData\Local\Programs\MiKTeX 2.9\tex/generic/pgfplots\pgf
plots.errorbars.code.tex)
(C:\Users\Jose David\AppData\Local\Programs\MiKTeX 2.9\tex/generic/pgfplots\pgf
plots.markers.code.tex)
(C:\Users\Jose David\AppData\Local\Programs\MiKTeX 2.9\tex/generic/pgfplots\pgf
plotsticks.code.tex)
(C:\Users\Jose David\AppData\Local\Programs\MiKTeX 2.9\tex/generic/pgfplots\pgf
plots.paths.code.tex)
(C:\Users\Jose David\AppData\Local\Programs\MiKTeX 2.9\tex/generic/pgf/frontend
layer/tikz/libraries\tikzlibrarydecorations.code.tex
(C:\Users\Jose David\AppData\Local\Programs\MiKTeX 2.9\tex/generic/pgf/modules\
pgfmoduledecorations.code.tex
\pgfdecoratedcompleteddistance=\dimen321
\pgfdecoratedremainingdistance=\dimen322
\pgfdecoratedinputsegmentcompleteddistance=\dimen323
\pgfdecoratedinputsegmentremainingdistance=\dimen324
\pgf@decorate@distancetomove=\dimen325
\pgf@decorate@repeatstate=\count374
\pgfdecorationsegmentamplitude=\dimen326
\pgfdecorationsegmentlength=\dimen327
)
\tikz@lib@dec@box=\box83
)
(C:\Users\Jose David\AppData\Local\Programs\MiKTeX 2.9\tex/generic/pgf/frontend
layer/tikz/libraries\tikzlibrarydecorations.pathmorphing.code.tex
(C:\Users\Jose David\AppData\Local\Programs\MiKTeX 2.9\tex/generic/pgf/librarie
s/decorations\pgflibrarydecorations.pathmorphing.code.tex))
(C:\Users\Jose David\AppData\Local\Programs\MiKTeX 2.9\tex/generic/pgf/frontend
layer/tikz/libraries\tikzlibrarydecorations.pathreplacing.code.tex
(C:\Users\Jose David\AppData\Local\Programs\MiKTeX 2.9\tex/generic/pgf/librarie
s/decorations\pgflibrarydecorations.pathreplacing.code.tex))
\pgfplots@numplots=\count375
\pgfplots@xmin@reg=\dimen328
\pgfplots@xmax@reg=\dimen329
\pgfplots@ymin@reg=\dimen330
\pgfplots@ymax@reg=\dimen331
\pgfplots@zmin@reg=\dimen332
\pgfplots@zmax@reg=\dimen333
)
(C:\Users\Jose David\AppData\Local\Programs\MiKTeX 2.9\tex/generic/pgf/frontend
layer/tikz/libraries\tikzlibraryplotmarks.code.tex
File: tikzlibraryplotmarks.code.tex 2020/12/27 v3.1.8b (3.1.8b)

(C:\Users\Jose David\AppData\Local\Programs\MiKTeX 2.9\tex/generic/pgf/librarie
s\pgflibraryplotmarks.code.tex
File: pgflibraryplotmarks.code.tex 2020/12/27 v3.1.8b (3.1.8b)
)))
(C:\Users\Jose David\AppData\Local\Programs\MiKTeX 2.9\tex/latex/l3backend\l3ba
ckend-pdftex.def
File: l3backend-pdftex.def 2021-03-02 L3 backend support: PDF output (pdfTeX)
\l__color_backend_stack_int=\count376
\l__pdf_internal_box=\box84
) (Presentacion.aux
LaTeX Info: Redefining \. on input line 26.
LaTeX Info: Redefining \% on input line 26.
)
\openout1 = `Presentacion.aux'.

LaTeX Font Info:    Checking defaults for OML/cmm/m/it on input line 189.
LaTeX Font Info:    ... okay on input line 189.
LaTeX Font Info:    Checking defaults for OMS/cmsy/m/n on input line 189.
LaTeX Font Info:    ... okay on input line 189.
LaTeX Font Info:    Checking defaults for OT1/cmr/m/n on input line 189.
LaTeX Font Info:    ... okay on input line 189.
LaTeX Font Info:    Checking defaults for T1/cmr/m/n on input line 189.
LaTeX Font Info:    ... okay on input line 189.
LaTeX Font Info:    Checking defaults for TS1/cmr/m/n on input line 189.
LaTeX Font Info:    ... okay on input line 189.
LaTeX Font Info:    Checking defaults for OMX/cmex/m/n on input line 189.
LaTeX Font Info:    ... okay on input line 189.
LaTeX Font Info:    Checking defaults for U/cmr/m/n on input line 189.
LaTeX Font Info:    ... okay on input line 189.
LaTeX Font Info:    Checking defaults for PD1/pdf/m/n on input line 189.
LaTeX Font Info:    ... okay on input line 189.
LaTeX Font Info:    Checking defaults for PU/pdf/m/n on input line 189.
LaTeX Font Info:    ... okay on input line 189.

*geometry* driver: auto-detecting
*geometry* detected driver: pdftex
*geometry* verbose mode - [ preamble ] result:
* driver: pdftex
* paper: custom
* layout: <same size as paper>
* layoutoffset:(h,v)=(0.0pt,0.0pt)
* modes: includehead includefoot 
* h-part:(L,W,R)=(10.95003pt, 342.2953pt, 10.95003pt)
* v-part:(T,H,B)=(0.0pt, 273.14662pt, 0.0pt)
* \paperwidth=364.19536pt
* \paperheight=273.14662pt
* \textwidth=342.2953pt
* \textheight=244.6939pt
* \oddsidemargin=-61.31996pt
* \evensidemargin=-61.31996pt
* \topmargin=-72.26999pt
* \headheight=14.22636pt
* \headsep=0.0pt
* \topskip=11.0pt
* \footskip=14.22636pt
* \marginparwidth=4.0pt
* \marginparsep=10.0pt
* \columnsep=10.0pt
* \skip\footins=10.0pt plus 4.0pt minus 2.0pt
* \hoffset=0.0pt
* \voffset=0.0pt
* \mag=1000
* \@twocolumnfalse
* \@twosidefalse
* \@mparswitchfalse
* \@reversemarginfalse
* (1in=72.27pt=25.4mm, 1cm=28.453pt)


(C:\Users\Jose David\AppData\Local\Programs\MiKTeX 2.9\tex/context/base/mkii\su
pp-pdf.mkii
[Loading MPS to PDF converter (version 2006.09.02).]
\scratchcounter=\count377
\scratchdimen=\dimen334
\scratchbox=\box85
\nofMPsegments=\count378
\nofMParguments=\count379
\everyMPshowfont=\toks57
\MPscratchCnt=\count380
\MPscratchDim=\dimen335
\MPnumerator=\count381
\makeMPintoPDFobject=\count382
\everyMPtoPDFconversion=\toks58
)
(C:\Users\Jose David\AppData\Local\Programs\MiKTeX 2.9\tex/latex/epstopdf-pkg\e
pstopdf-base.sty
Package: epstopdf-base 2020-01-24 v2.11 Base part for package epstopdf
Package epstopdf-base Info: Redefining graphics rule for `.eps' on input line 4
85.
)
Package hyperref Info: Link coloring OFF on input line 189.

(C:\Users\Jose David\AppData\Local\Programs\MiKTeX 2.9\tex/latex/hyperref\namer
ef.sty
Package: nameref 2021-04-02 v2.47 Cross-referencing by name of section

(C:\Users\Jose David\AppData\Local\Programs\MiKTeX 2.9\tex/latex/refcount\refco
unt.sty
Package: refcount 2019/12/15 v3.6 Data extraction from label references (HO)
)
(C:\Users\Jose David\AppData\Local\Programs\MiKTeX 2.9\tex/generic/gettitlestri
ng\gettitlestring.sty
Package: gettitlestring 2019/12/15 v1.6 Cleanup title references (HO)
)
\c@section@level=\count383
)
LaTeX Info: Redefining \ref on input line 189.
LaTeX Info: Redefining \pageref on input line 189.
LaTeX Info: Redefining \nameref on input line 189.
 (Presentacion.out) (Presentacion.out)
\@outlinefile=\write5
\openout5 = `Presentacion.out'.

LaTeX Font Info:    Overwriting symbol font `operators' in version `normal'
(Font)                  OT1/cmr/m/n --> OT1/cmss/m/n on input line 189.
LaTeX Font Info:    Overwriting symbol font `operators' in version `bold'
(Font)                  OT1/cmr/bx/n --> OT1/cmss/b/n on input line 189.
\symnumbers=\mathgroup7
\sympureletters=\mathgroup8
LaTeX Font Info:    Overwriting math alphabet `\mathrm' in version `normal'
(Font)                  OT1/cmss/m/n --> OT1/cmr/m/n on input line 189.
LaTeX Font Info:    Redeclaring math alphabet \mathbf on input line 189.
LaTeX Font Info:    Overwriting math alphabet `\mathbf' in version `normal'
(Font)                  OT1/cmr/bx/n --> OT1/cmss/b/n on input line 189.
LaTeX Font Info:    Overwriting math alphabet `\mathbf' in version `bold'
(Font)                  OT1/cmr/bx/n --> OT1/cmss/b/n on input line 189.
LaTeX Font Info:    Redeclaring math alphabet \mathsf on input line 189.
LaTeX Font Info:    Overwriting math alphabet `\mathsf' in version `normal'
(Font)                  OT1/cmss/m/n --> OT1/cmss/m/n on input line 189.
LaTeX Font Info:    Overwriting math alphabet `\mathsf' in version `bold'
(Font)                  OT1/cmss/bx/n --> OT1/cmss/m/n on input line 189.
LaTeX Font Info:    Redeclaring math alphabet \mathit on input line 189.
LaTeX Font Info:    Overwriting math alphabet `\mathit' in version `normal'
(Font)                  OT1/cmr/m/it --> OT1/cmss/m/it on input line 189.
LaTeX Font Info:    Overwriting math alphabet `\mathit' in version `bold'
(Font)                  OT1/cmr/bx/it --> OT1/cmss/m/it on input line 189.
LaTeX Font Info:    Redeclaring math alphabet \mathtt on input line 189.
LaTeX Font Info:    Overwriting math alphabet `\mathtt' in version `normal'
(Font)                  OT1/cmtt/m/n --> OT1/cmtt/m/n on input line 189.
LaTeX Font Info:    Overwriting math alphabet `\mathtt' in version `bold'
(Font)                  OT1/cmtt/m/n --> OT1/cmtt/m/n on input line 189.
LaTeX Font Info:    Overwriting symbol font `numbers' in version `bold'
(Font)                  OT1/cmss/m/n --> OT1/cmss/b/n on input line 189.
LaTeX Font Info:    Overwriting symbol font `pureletters' in version `bold'
(Font)                  OT1/cmss/m/it --> OT1/cmss/b/it on input line 189.
LaTeX Font Info:    Overwriting math alphabet `\mathrm' in version `bold'
(Font)                  OT1/cmss/b/n --> OT1/cmr/b/n on input line 189.
LaTeX Font Info:    Overwriting math alphabet `\mathbf' in version `bold'
(Font)                  OT1/cmss/b/n --> OT1/cmss/b/n on input line 189.
LaTeX Font Info:    Overwriting math alphabet `\mathsf' in version `bold'
(Font)                  OT1/cmss/m/n --> OT1/cmss/b/n on input line 189.
LaTeX Font Info:    Overwriting math alphabet `\mathit' in version `bold'
(Font)                  OT1/cmss/m/it --> OT1/cmss/b/it on input line 189.
LaTeX Font Info:    Overwriting math alphabet `\mathtt' in version `bold'
(Font)                  OT1/cmtt/m/n --> OT1/cmtt/b/n on input line 189.
LaTeX Font Info:    Redeclaring symbol font `pureletters' on input line 189.
LaTeX Font Info:    Overwriting symbol font `pureletters' in version `normal'
(Font)                  OT1/cmss/m/it --> OT1/mathkerncmss/m/sl on input line 1
89.
LaTeX Font Info:    Overwriting symbol font `pureletters' in version `bold'
(Font)                  OT1/cmss/b/it --> OT1/mathkerncmss/m/sl on input line 1
89.
LaTeX Font Info:    Overwriting symbol font `pureletters' in version `bold'
(Font)                  OT1/mathkerncmss/m/sl --> OT1/mathkerncmss/bx/sl on inp
ut line 189.

(C:\Users\Jose David\AppData\Local\Programs\MiKTeX 2.9\tex/latex/translator\tra
nslator-basic-dictionary-English.dict
Dictionary: translator-basic-dictionary, Language: English 
)
(C:\Users\Jose David\AppData\Local\Programs\MiKTeX 2.9\tex/latex/translator\tra
nslator-bibliography-dictionary-English.dict
Dictionary: translator-bibliography-dictionary, Language: English 
)
(C:\Users\Jose David\AppData\Local\Programs\MiKTeX 2.9\tex/latex/translator\tra
nslator-environment-dictionary-English.dict
Dictionary: translator-environment-dictionary, Language: English 
)
(C:\Users\Jose David\AppData\Local\Programs\MiKTeX 2.9\tex/latex/translator\tra
nslator-months-dictionary-English.dict
Dictionary: translator-months-dictionary, Language: English 
)
(C:\Users\Jose David\AppData\Local\Programs\MiKTeX 2.9\tex/latex/translator\tra
nslator-numbers-dictionary-English.dict
Dictionary: translator-numbers-dictionary, Language: English 
)
(C:\Users\Jose David\AppData\Local\Programs\MiKTeX 2.9\tex/latex/translator\tra
nslator-theorem-dictionary-English.dict
Dictionary: translator-theorem-dictionary, Language: English 
)
LaTeX Info: Redefining \. on input line 189.
LaTeX Info: Redefining \% on input line 189.
Package ragged2e Info: ABD: executing \RaggedRight on input line 189.

ABD: EverySelectfont initializing macros
LaTeX Info: Redefining \selectfont on input line 189.


Package pgfplots Warning: running in backwards compatibility mode (unsuitable t
ick labels; missing features). Consider writing \pgfplotsset{compat=1.17} into 
your preamble.
 on input line 189.

(Presentacion.nav)
<Figuras/logoFIUBA.png, id=73, 2536.47626pt x 818.05624pt>
File: Figuras/logoFIUBA.png Graphic file (type png)
<use Figuras/logoFIUBA.png>
Package pdftex.def Info: Figuras/logoFIUBA.png  used on input line 193.
(pdftex.def)             Requested size: 126.83124pt x 40.9052pt.
 [1

{C:/Users/Jose David/AppData/Local/MiKTeX/2.9/pdftex/config/pdftex.map} <./Figu
ras/logoFIUBA.png (PNG copy)>]

Package hyperref Warning: Option `pdfauthor' has already been used,
(hyperref)                setting the option has no effect on input line 197.

(Presentacion.toc
LaTeX Info: Redefining \. on input line 1.
LaTeX Info: Redefining \% on input line 1.
)
File: Figuras/logoFIUBA.png Graphic file (type png)
<use Figuras/logoFIUBA.png>
Package pdftex.def Info: Figuras/logoFIUBA.png  used on input line 211.
(pdftex.def)             Requested size: 50.74023pt x 16.36458pt.
 [2

]
Package epstopdf Info: Source file: <Figuras/Diagramas.eps>
(epstopdf)                    date: 2021-03-14 21:03:34
(epstopdf)                    size: 59845 bytes
(epstopdf)             Output file: <Figuras/Diagramas-eps-converted-to.pdf>
(epstopdf)                    date: 2021-04-02 17:56:13
(epstopdf)                    size: 18509 bytes
(epstopdf)             Command: <epstopdf --outfile=Figuras/Diagramas-eps-conve
rted-to.pdf Figuras/Diagramas.eps>
(epstopdf)             \includegraphics on input line 239.
Package epstopdf Info: Output file is already uptodate.


pdfTeX warning: pdflatex.exe (file ./Figuras/Diagramas-eps-converted-to.pdf): P
DF inclusion: found PDF version <1.7>, but at most version <1.5> allowed
<Figuras/Diagramas-eps-converted-to.pdf, id=164, 513.92pt x 343.2825pt>
File: Figuras/Diagramas-eps-converted-to.pdf Graphic file (type pdf)
<use Figuras/Diagramas-eps-converted-to.pdf>
Package pdftex.def Info: Figuras/Diagramas-eps-converted-to.pdf  used on input 
line 239.
(pdftex.def)             Requested size: 256.95937pt x 171.64082pt.
Package epstopdf Info: Source file: <Figuras/RN1.eps>
(epstopdf)                    date: 2021-04-02 17:58:11
(epstopdf)                    size: 67120 bytes
(epstopdf)             Output file: <Figuras/RN1-eps-converted-to.pdf>
(epstopdf)                    date: 2021-04-02 17:58:26
(epstopdf)                    size: 15563 bytes
(epstopdf)             Command: <epstopdf --outfile=Figuras/RN1-eps-converted-t
o.pdf Figuras/RN1.eps>
(epstopdf)             \includegraphics on input line 239.
Package epstopdf Info: Output file is already uptodate.


pdfTeX warning: pdflatex.exe (file ./Figuras/RN1-eps-converted-to.pdf): PDF inc
lusion: found PDF version <1.7>, but at most version <1.5> allowed
<Figuras/RN1-eps-converted-to.pdf, id=165, 584.1825pt x 193.72375pt>
File: Figuras/RN1-eps-converted-to.pdf Graphic file (type pdf)
<use Figuras/RN1-eps-converted-to.pdf>
Package pdftex.def Info: Figuras/RN1-eps-converted-to.pdf  used on input line 2
39.
(pdftex.def)             Requested size: 321.30136pt x 106.54839pt.
Package epstopdf Info: Source file: <Figuras/RN2.eps>
(epstopdf)                    date: 2021-04-20 02:11:54
(epstopdf)                    size: 279203 bytes
(epstopdf)             Output file: <Figuras/RN2-eps-converted-to.pdf>
(epstopdf)                    date: 2021-04-20 02:12:33
(epstopdf)                    size: 31146 bytes
(epstopdf)             Command: <epstopdf --outfile=Figuras/RN2-eps-converted-t
o.pdf Figuras/RN2.eps>
(epstopdf)             \includegraphics on input line 239.
Package epstopdf Info: Output file is already uptodate.


pdfTeX warning: pdflatex.exe (file ./Figuras/RN2-eps-converted-to.pdf): PDF inc
lusion: found PDF version <1.7>, but at most version <1.5> allowed
<Figuras/RN2-eps-converted-to.pdf, id=166, 914.41624pt x 364.36125pt>
File: Figuras/RN2-eps-converted-to.pdf Graphic file (type pdf)
<use Figuras/RN2-eps-converted-to.pdf>
Package pdftex.def Info: Figuras/RN2-eps-converted-to.pdf  used on input line 2
39.
(pdftex.def)             Requested size: 320.05048pt x 127.52834pt.
File: Figuras/logoFIUBA.png Graphic file (type png)
<use Figuras/logoFIUBA.png>
Package pdftex.def Info: Figuras/logoFIUBA.png  used on input line 239.
(pdftex.def)             Requested size: 50.74023pt x 16.36458pt.
[3

 <./Figuras/Diagramas-eps-converted-to.pdf>]
File: Figuras/logoFIUBA.png Graphic file (type png)
<use Figuras/logoFIUBA.png>
Package pdftex.def Info: Figuras/logoFIUBA.png  used on input line 239.
(pdftex.def)             Requested size: 50.74023pt x 16.36458pt.
 [4


 <./Figuras/RN1-eps-converted-to.pdf>]
File: Figuras/logoFIUBA.png Graphic file (type png)
<use Figuras/logoFIUBA.png>
Package pdftex.def Info: Figuras/logoFIUBA.png  used on input line 239.
(pdftex.def)             Requested size: 50.74023pt x 16.36458pt.
 [5


 <./Figuras/RN2-eps-converted-to.pdf>]
<Figuras/INT.jpg, id=269, 749.04843pt x 429.85594pt>
File: Figuras/INT.jpg Graphic file (type jpg)
<use Figuras/INT.jpg>
Package pdftex.def Info: Figuras/INT.jpg  used on input line 253.
(pdftex.def)             Requested size: 337.06868pt x 193.43338pt.
File: Figuras/logoFIUBA.png Graphic file (type png)
<use Figuras/logoFIUBA.png>
Package pdftex.def Info: Figuras/logoFIUBA.png  used on input line 253.
(pdftex.def)             Requested size: 50.74023pt x 16.36458pt.
 [6

 <./Figuras/INT.jpg>]
<Figuras/AP1.png, id=296, 1023.825pt x 279.0425pt>
File: Figuras/AP1.png Graphic file (type png)
<use Figuras/AP1.png>
Package pdftex.def Info: Figuras/AP1.png  used on input line 272.
(pdftex.def)             Requested size: 266.18822pt x 72.54933pt.
<Figuras/AP2.png, id=297, 774.895pt x 321.2pt>
File: Figuras/AP2.png Graphic file (type png)
<use Figuras/AP2.png>
Package pdftex.def Info: Figuras/AP2.png  used on input line 272.
(pdftex.def)             Requested size: 201.46794pt x 83.51003pt.
File: Figuras/logoFIUBA.png Graphic file (type png)
<use Figuras/logoFIUBA.png>
Package pdftex.def Info: Figuras/logoFIUBA.png  used on input line 272.
(pdftex.def)             Requested size: 50.74023pt x 16.36458pt.

[7

 <./Figuras/AP1.png> <./Figuras/AP2.png>]
File: Figuras/logoFIUBA.png Graphic file (type png)
<use Figuras/logoFIUBA.png>
Package pdftex.def Info: Figuras/logoFIUBA.png  used on input line 298.
(pdftex.def)             Requested size: 50.74023pt x 16.36458pt.
 [8

]
File: Figuras/logoFIUBA.png Graphic file (type png)
<use Figuras/logoFIUBA.png>
Package pdftex.def Info: Figuras/logoFIUBA.png  used on input line 318.
(pdftex.def)             Requested size: 50.74023pt x 16.36458pt.
 [9

] (Activity_On_Node.tex
LaTeX Font Info:    Trying to load font information for U+msa on input line 54.


(C:\Users\Jose David\AppData\Local\Programs\MiKTeX 2.9\tex/latex/amsfonts\umsa.
fd
File: umsa.fd 2013/01/14 v3.01 AMS symbols A
)
LaTeX Font Info:    Trying to load font information for U+msb on input line 54.


(C:\Users\Jose David\AppData\Local\Programs\MiKTeX 2.9\tex/latex/amsfonts\umsb.
fd
File: umsb.fd 2013/01/14 v3.01 AMS symbols B
)
LaTeX Font Info:    Trying to load font information for U+lasy on input line 54
.

(C:\Users\Jose David\AppData\Local\Programs\MiKTeX 2.9\tex/latex/base\ulasy.fd
File: ulasy.fd 1998/08/17 v2.2e LaTeX symbol font definitions
)
LaTeX Font Info:    Trying to load font information for OT1+mathkerncmss on inp
ut line 54.

(C:\Users\Jose David\AppData\Local\Programs\MiKTeX 2.9\tex/latex/sansmathaccent
\ot1mathkerncmss.fd
File: ot1mathkerncmss.fd 2020/01/31 Fontinst v1.933 font definitions for OT1/ma
thkerncmss.
))
File: Figuras/logoFIUBA.png Graphic file (type png)
<use Figuras/logoFIUBA.png>
Package pdftex.def Info: Figuras/logoFIUBA.png  used on input line 330.
(pdftex.def)             Requested size: 50.74023pt x 16.36458pt.
 [10

] (gantt.tex
LaTeX Font Info:    Trying to load font information for OT1+phv on input line 1
1.

(C:\Users\Jose David\AppData\Local\Programs\MiKTeX 2.9\tex/latex/psnfss\ot1phv.
fd
File: ot1phv.fd 2020/03/25 scalable font definitions for OT1/phv.
)
Overfull \hbox (61.2006pt too wide) in paragraph at lines 99--100
[][]  
 []

)
File: Figuras/logoFIUBA.png Graphic file (type png)
<use Figuras/logoFIUBA.png>
Package pdftex.def Info: Figuras/logoFIUBA.png  used on input line 341.
(pdftex.def)             Requested size: 50.74023pt x 16.36458pt.
 [11

]
File: Figuras/logoFIUBA.png Graphic file (type png)
<use Figuras/logoFIUBA.png>
Package pdftex.def Info: Figuras/logoFIUBA.png  used on input line 364.
(pdftex.def)             Requested size: 50.74023pt x 16.36458pt.
 [12

]
Overfull \hbox (6.09782pt too wide) in paragraph at lines 383--383
[]\OT1/cmss/m/n/10.95 Se com-pro-bara que se pue-dan mo-di-fi-car en la he-rra
-mien-ta de HW el \OT1/cmss/bx/n/10.95 nume- 
 []

File: Figuras/logoFIUBA.png Graphic file (type png)
<use Figuras/logoFIUBA.png>
Package pdftex.def Info: Figuras/logoFIUBA.png  used on input line 383.
(pdftex.def)             Requested size: 50.74023pt x 16.36458pt.
[13

] [14

]
\tf@nav=\write6
\openout6 = `Presentacion.nav'.

\tf@toc=\write7
\openout7 = `Presentacion.toc'.

\tf@snm=\write8
\openout8 = `Presentacion.snm'.


LaTeX3 Info: Redefining command \BeforeClosingMainAux with sig. 'm' on line
(LaTeX3)     398.

 (Presentacion.aux
LaTeX Info: Redefining \. on input line 26.
LaTeX Info: Redefining \% on input line 26.
)
Package rerunfilecheck Info: File `Presentacion.out' has not changed.
(rerunfilecheck)             Checksum: 6D1F96CABCBBC9B0255A819B818AC9C8;1257.
 ) 
Here is how much of TeX's memory you used:
 38443 strings out of 479323
 906610 string characters out of 2852292
 1394373 words of memory out of 3000000
 55075 multiletter control sequences out of 15000+200000
 421012 words of font info for 81 fonts, out of 3000000 for 9000
 1141 hyphenation exceptions out of 8191
 131i,16n,132p,729b,997s stack positions out of 5000i,500n,10000p,200000b,50000s
{C:/Users/Jose David/AppData/Local/Programs/MiKTeX 2.9/fonts/enc/dvips/base/8
r.enc}<C:/Users/Jose David/AppData/Local/Programs/MiKTeX 2.9/fonts/type1/public
/amsfonts/cm/cmss10.pfb><C:/Users/Jose David/AppData/Local/Programs/MiKTeX 2.9/
fonts/type1/public/amsfonts/cm/cmss12.pfb><C:/Users/Jose David/AppData/Local/Pr
ograms/MiKTeX 2.9/fonts/type1/public/amsfonts/cm/cmss17.pfb><C:/Users/Jose Davi
d/AppData/Local/Programs/MiKTeX 2.9/fonts/type1/public/amsfonts/cm/cmss8.pfb><C
:/Users/Jose David/AppData/Local/Programs/MiKTeX 2.9/fonts/type1/public/amsfont
s/cm/cmssbx10.pfb><C:/Users/Jose David/AppData/Local/Programs/MiKTeX 2.9/fonts/
type1/public/amsfonts/latxfont/lcircle1.pfb><C:/Users/Jose David/AppData/Local/
Programs/MiKTeX 2.9/fonts/type1/public/amsfonts/latxfont/linew10.pfb><C:/Users/
Jose David/AppData/Local/Programs/MiKTeX 2.9/fonts/type1/urw/helvetic/uhvb8ac.p
fb>
Output written on Presentacion.pdf (14 pages, 605250 bytes).
PDF statistics:
 556 PDF objects out of 1000 (max. 8388607)
 38 named destinations out of 1000 (max. 500000)
 270 words of extra memory for PDF output out of 10000 (max. 10000000)

